;  LST file generated by mikroListExporter - v.2.0 
; Date/Time: 8/9/2018 4:38:13 PM
;----------------------------------------------

;Address Opcode 	ASM
0x0000	0x2A10      	GOTO       528
_____DoICP:
;__Lib_System.c,6 :: 		
;__Lib_System.c,9 :: 		
0x0003	0x1283      	BCF        STATUS, 5
0x0004	0x0821      	MOVF       ___DoICPAddr+1, 0
0x0005	0x008A      	MOVWF      PCLATH
;__Lib_System.c,10 :: 		
0x0006	0x0820      	MOVF       ___DoICPAddr, 0
0x0007	0x0082      	MOVWF      PCL
;__Lib_System.c,12 :: 		
L_end_____DoICP:
0x0008	0x0008      	RETURN
; end of _____DoICP
_nec_remote_read:
;NEC IR Receiver PIC12F675.c,9 :: 		short nec_remote_read() {
;NEC IR Receiver PIC12F675.c,11 :: 		unsigned long count = 0, i;
0x0009	0x1283      	BCF        STATUS, 5
0x000A	0x01A9      	CLRF       nec_remote_read_count_L0
0x000B	0x01AA      	CLRF       nec_remote_read_count_L0+1
0x000C	0x01AB      	CLRF       nec_remote_read_count_L0+2
0x000D	0x01AC      	CLRF       nec_remote_read_count_L0+3
;NEC IR Receiver PIC12F675.c,13 :: 		while ((IR_PIN == 0) && (count < 180)) {
L_nec_remote_read0:
0x000E	0x1985      	BTFSC      GP3_bit, BitPos(GP3_bit+0)
0x000F	0x283C      	GOTO       L_nec_remote_read1
0x0010	0x3000      	MOVLW      0
0x0011	0x022C      	SUBWF      nec_remote_read_count_L0+3, 0
0x0012	0x1D03      	BTFSS      STATUS, 2
0x0013	0x281E      	GOTO       L__nec_remote_read55
0x0014	0x3000      	MOVLW      0
0x0015	0x022B      	SUBWF      nec_remote_read_count_L0+2, 0
0x0016	0x1D03      	BTFSS      STATUS, 2
0x0017	0x281E      	GOTO       L__nec_remote_read55
0x0018	0x3000      	MOVLW      0
0x0019	0x022A      	SUBWF      nec_remote_read_count_L0+1, 0
0x001A	0x1D03      	BTFSS      STATUS, 2
0x001B	0x281E      	GOTO       L__nec_remote_read55
0x001C	0x30B4      	MOVLW      180
0x001D	0x0229      	SUBWF      nec_remote_read_count_L0, 0
L__nec_remote_read55:
0x001E	0x1803      	BTFSC      STATUS, 0
0x001F	0x283C      	GOTO       L_nec_remote_read1
L__nec_remote_read53:
;NEC IR Receiver PIC12F675.c,14 :: 		count++;
0x0020	0x0829      	MOVF       nec_remote_read_count_L0, 0
0x0021	0x00D0      	MOVWF      R0
0x0022	0x082A      	MOVF       nec_remote_read_count_L0+1, 0
0x0023	0x00D1      	MOVWF      R0+1
0x0024	0x082B      	MOVF       nec_remote_read_count_L0+2, 0
0x0025	0x00D2      	MOVWF      R0+2
0x0026	0x082C      	MOVF       nec_remote_read_count_L0+3, 0
0x0027	0x00D3      	MOVWF      R0+3
0x0028	0x0AD0      	INCF       R0, 1
0x0029	0x1903      	BTFSC      STATUS, 2
0x002A	0x0AD1      	INCF       R0+1, 1
0x002B	0x1903      	BTFSC      STATUS, 2
0x002C	0x0AD2      	INCF       R0+2, 1
0x002D	0x1903      	BTFSC      STATUS, 2
0x002E	0x0AD3      	INCF       R0+3, 1
0x002F	0x0850      	MOVF       R0, 0
0x0030	0x00A9      	MOVWF      nec_remote_read_count_L0
0x0031	0x0851      	MOVF       R0+1, 0
0x0032	0x00AA      	MOVWF      nec_remote_read_count_L0+1
0x0033	0x0852      	MOVF       R0+2, 0
0x0034	0x00AB      	MOVWF      nec_remote_read_count_L0+2
0x0035	0x0853      	MOVF       R0+3, 0
0x0036	0x00AC      	MOVWF      nec_remote_read_count_L0+3
;NEC IR Receiver PIC12F675.c,15 :: 		delay_us(40);
0x0037	0x300D      	MOVLW      13
0x0038	0x00DD      	MOVWF      R13
L_nec_remote_read4:
0x0039	0x0BDD      	DECFSZ     R13, 1
0x003A	0x2839      	GOTO       L_nec_remote_read4
;NEC IR Receiver PIC12F675.c,16 :: 		}
0x003B	0x280E      	GOTO       L_nec_remote_read0
L_nec_remote_read1:
;NEC IR Receiver PIC12F675.c,17 :: 		if ( (count > 179) || (count < 80))     // NEC protocol?
0x003C	0x082C      	MOVF       nec_remote_read_count_L0+3, 0
0x003D	0x3C00      	SUBLW      0
0x003E	0x1D03      	BTFSS      STATUS, 2
0x003F	0x284A      	GOTO       L__nec_remote_read56
0x0040	0x082B      	MOVF       nec_remote_read_count_L0+2, 0
0x0041	0x3C00      	SUBLW      0
0x0042	0x1D03      	BTFSS      STATUS, 2
0x0043	0x284A      	GOTO       L__nec_remote_read56
0x0044	0x082A      	MOVF       nec_remote_read_count_L0+1, 0
0x0045	0x3C00      	SUBLW      0
0x0046	0x1D03      	BTFSS      STATUS, 2
0x0047	0x284A      	GOTO       L__nec_remote_read56
0x0048	0x0829      	MOVF       nec_remote_read_count_L0, 0
0x0049	0x3CB3      	SUBLW      179
L__nec_remote_read56:
0x004A	0x1C03      	BTFSS      STATUS, 0
0x004B	0x285D      	GOTO       L__nec_remote_read52
0x004C	0x3000      	MOVLW      0
0x004D	0x022C      	SUBWF      nec_remote_read_count_L0+3, 0
0x004E	0x1D03      	BTFSS      STATUS, 2
0x004F	0x285A      	GOTO       L__nec_remote_read57
0x0050	0x3000      	MOVLW      0
0x0051	0x022B      	SUBWF      nec_remote_read_count_L0+2, 0
0x0052	0x1D03      	BTFSS      STATUS, 2
0x0053	0x285A      	GOTO       L__nec_remote_read57
0x0054	0x3000      	MOVLW      0
0x0055	0x022A      	SUBWF      nec_remote_read_count_L0+1, 0
0x0056	0x1D03      	BTFSS      STATUS, 2
0x0057	0x285A      	GOTO       L__nec_remote_read57
0x0058	0x3050      	MOVLW      80
0x0059	0x0229      	SUBWF      nec_remote_read_count_L0, 0
L__nec_remote_read57:
0x005A	0x1C03      	BTFSS      STATUS, 0
0x005B	0x285D      	GOTO       L__nec_remote_read52
0x005C	0x285F      	GOTO       L_nec_remote_read7
L__nec_remote_read52:
;NEC IR Receiver PIC12F675.c,18 :: 		return 0;
0x005D	0x01D0      	CLRF       R0
0x005E	0x2A03      	GOTO       L_end_nec_remote_read
L_nec_remote_read7:
;NEC IR Receiver PIC12F675.c,20 :: 		count = 0;
0x005F	0x01A9      	CLRF       nec_remote_read_count_L0
0x0060	0x01AA      	CLRF       nec_remote_read_count_L0+1
0x0061	0x01AB      	CLRF       nec_remote_read_count_L0+2
0x0062	0x01AC      	CLRF       nec_remote_read_count_L0+3
;NEC IR Receiver PIC12F675.c,22 :: 		while (IR_PIN && (count < 90)) {
L_nec_remote_read8:
0x0063	0x1D85      	BTFSS      GP3_bit, BitPos(GP3_bit+0)
0x0064	0x2891      	GOTO       L_nec_remote_read9
0x0065	0x3000      	MOVLW      0
0x0066	0x022C      	SUBWF      nec_remote_read_count_L0+3, 0
0x0067	0x1D03      	BTFSS      STATUS, 2
0x0068	0x2873      	GOTO       L__nec_remote_read58
0x0069	0x3000      	MOVLW      0
0x006A	0x022B      	SUBWF      nec_remote_read_count_L0+2, 0
0x006B	0x1D03      	BTFSS      STATUS, 2
0x006C	0x2873      	GOTO       L__nec_remote_read58
0x006D	0x3000      	MOVLW      0
0x006E	0x022A      	SUBWF      nec_remote_read_count_L0+1, 0
0x006F	0x1D03      	BTFSS      STATUS, 2
0x0070	0x2873      	GOTO       L__nec_remote_read58
0x0071	0x305A      	MOVLW      90
0x0072	0x0229      	SUBWF      nec_remote_read_count_L0, 0
L__nec_remote_read58:
0x0073	0x1803      	BTFSC      STATUS, 0
0x0074	0x2891      	GOTO       L_nec_remote_read9
L__nec_remote_read51:
;NEC IR Receiver PIC12F675.c,23 :: 		count++;
0x0075	0x0829      	MOVF       nec_remote_read_count_L0, 0
0x0076	0x00D0      	MOVWF      R0
0x0077	0x082A      	MOVF       nec_remote_read_count_L0+1, 0
0x0078	0x00D1      	MOVWF      R0+1
0x0079	0x082B      	MOVF       nec_remote_read_count_L0+2, 0
0x007A	0x00D2      	MOVWF      R0+2
0x007B	0x082C      	MOVF       nec_remote_read_count_L0+3, 0
0x007C	0x00D3      	MOVWF      R0+3
0x007D	0x0AD0      	INCF       R0, 1
0x007E	0x1903      	BTFSC      STATUS, 2
0x007F	0x0AD1      	INCF       R0+1, 1
0x0080	0x1903      	BTFSC      STATUS, 2
0x0081	0x0AD2      	INCF       R0+2, 1
0x0082	0x1903      	BTFSC      STATUS, 2
0x0083	0x0AD3      	INCF       R0+3, 1
0x0084	0x0850      	MOVF       R0, 0
0x0085	0x00A9      	MOVWF      nec_remote_read_count_L0
0x0086	0x0851      	MOVF       R0+1, 0
0x0087	0x00AA      	MOVWF      nec_remote_read_count_L0+1
0x0088	0x0852      	MOVF       R0+2, 0
0x0089	0x00AB      	MOVWF      nec_remote_read_count_L0+2
0x008A	0x0853      	MOVF       R0+3, 0
0x008B	0x00AC      	MOVWF      nec_remote_read_count_L0+3
;NEC IR Receiver PIC12F675.c,24 :: 		delay_us(40);
0x008C	0x300D      	MOVLW      13
0x008D	0x00DD      	MOVWF      R13
L_nec_remote_read12:
0x008E	0x0BDD      	DECFSZ     R13, 1
0x008F	0x288E      	GOTO       L_nec_remote_read12
;NEC IR Receiver PIC12F675.c,25 :: 		}
0x0090	0x2863      	GOTO       L_nec_remote_read8
L_nec_remote_read9:
;NEC IR Receiver PIC12F675.c,26 :: 		if ( (count > 89) || (count < 10))       // NEC protocol?
0x0091	0x082C      	MOVF       nec_remote_read_count_L0+3, 0
0x0092	0x3C00      	SUBLW      0
0x0093	0x1D03      	BTFSS      STATUS, 2
0x0094	0x289F      	GOTO       L__nec_remote_read59
0x0095	0x082B      	MOVF       nec_remote_read_count_L0+2, 0
0x0096	0x3C00      	SUBLW      0
0x0097	0x1D03      	BTFSS      STATUS, 2
0x0098	0x289F      	GOTO       L__nec_remote_read59
0x0099	0x082A      	MOVF       nec_remote_read_count_L0+1, 0
0x009A	0x3C00      	SUBLW      0
0x009B	0x1D03      	BTFSS      STATUS, 2
0x009C	0x289F      	GOTO       L__nec_remote_read59
0x009D	0x0829      	MOVF       nec_remote_read_count_L0, 0
0x009E	0x3C59      	SUBLW      89
L__nec_remote_read59:
0x009F	0x1C03      	BTFSS      STATUS, 0
0x00A0	0x28B2      	GOTO       L__nec_remote_read50
0x00A1	0x3000      	MOVLW      0
0x00A2	0x022C      	SUBWF      nec_remote_read_count_L0+3, 0
0x00A3	0x1D03      	BTFSS      STATUS, 2
0x00A4	0x28AF      	GOTO       L__nec_remote_read60
0x00A5	0x3000      	MOVLW      0
0x00A6	0x022B      	SUBWF      nec_remote_read_count_L0+2, 0
0x00A7	0x1D03      	BTFSS      STATUS, 2
0x00A8	0x28AF      	GOTO       L__nec_remote_read60
0x00A9	0x3000      	MOVLW      0
0x00AA	0x022A      	SUBWF      nec_remote_read_count_L0+1, 0
0x00AB	0x1D03      	BTFSS      STATUS, 2
0x00AC	0x28AF      	GOTO       L__nec_remote_read60
0x00AD	0x300A      	MOVLW      10
0x00AE	0x0229      	SUBWF      nec_remote_read_count_L0, 0
L__nec_remote_read60:
0x00AF	0x1C03      	BTFSS      STATUS, 0
0x00B0	0x28B2      	GOTO       L__nec_remote_read50
0x00B1	0x28B4      	GOTO       L_nec_remote_read15
L__nec_remote_read50:
;NEC IR Receiver PIC12F675.c,27 :: 		return 0;
0x00B2	0x01D0      	CLRF       R0
0x00B3	0x2A03      	GOTO       L_end_nec_remote_read
L_nec_remote_read15:
;NEC IR Receiver PIC12F675.c,30 :: 		for (i = 0; i < 32; i++) {
0x00B4	0x01D5      	CLRF       R5
0x00B5	0x01D6      	CLRF       R5+1
0x00B6	0x01D7      	CLRF       R5+2
0x00B7	0x01D8      	CLRF       R5+3
L_nec_remote_read16:
0x00B8	0x3000      	MOVLW      0
0x00B9	0x0258      	SUBWF      R5+3, 0
0x00BA	0x1D03      	BTFSS      STATUS, 2
0x00BB	0x28C6      	GOTO       L__nec_remote_read61
0x00BC	0x3000      	MOVLW      0
0x00BD	0x0257      	SUBWF      R5+2, 0
0x00BE	0x1D03      	BTFSS      STATUS, 2
0x00BF	0x28C6      	GOTO       L__nec_remote_read61
0x00C0	0x3000      	MOVLW      0
0x00C1	0x0256      	SUBWF      R5+1, 0
0x00C2	0x1D03      	BTFSS      STATUS, 2
0x00C3	0x28C6      	GOTO       L__nec_remote_read61
0x00C4	0x3020      	MOVLW      32
0x00C5	0x0255      	SUBWF      R5, 0
L__nec_remote_read61:
0x00C6	0x1803      	BTFSC      STATUS, 0
0x00C7	0x2A01      	GOTO       L_nec_remote_read17
;NEC IR Receiver PIC12F675.c,31 :: 		count = 0;
0x00C8	0x01A9      	CLRF       nec_remote_read_count_L0
0x00C9	0x01AA      	CLRF       nec_remote_read_count_L0+1
0x00CA	0x01AB      	CLRF       nec_remote_read_count_L0+2
0x00CB	0x01AC      	CLRF       nec_remote_read_count_L0+3
;NEC IR Receiver PIC12F675.c,32 :: 		while ((IR_PIN == 0) && (count < 10)) {
L_nec_remote_read19:
0x00CC	0x1985      	BTFSC      GP3_bit, BitPos(GP3_bit+0)
0x00CD	0x28FC      	GOTO       L_nec_remote_read20
0x00CE	0x3000      	MOVLW      0
0x00CF	0x022C      	SUBWF      nec_remote_read_count_L0+3, 0
0x00D0	0x1D03      	BTFSS      STATUS, 2
0x00D1	0x28DC      	GOTO       L__nec_remote_read62
0x00D2	0x3000      	MOVLW      0
0x00D3	0x022B      	SUBWF      nec_remote_read_count_L0+2, 0
0x00D4	0x1D03      	BTFSS      STATUS, 2
0x00D5	0x28DC      	GOTO       L__nec_remote_read62
0x00D6	0x3000      	MOVLW      0
0x00D7	0x022A      	SUBWF      nec_remote_read_count_L0+1, 0
0x00D8	0x1D03      	BTFSS      STATUS, 2
0x00D9	0x28DC      	GOTO       L__nec_remote_read62
0x00DA	0x300A      	MOVLW      10
0x00DB	0x0229      	SUBWF      nec_remote_read_count_L0, 0
L__nec_remote_read62:
0x00DC	0x1803      	BTFSC      STATUS, 0
0x00DD	0x28FC      	GOTO       L_nec_remote_read20
L__nec_remote_read49:
;NEC IR Receiver PIC12F675.c,33 :: 		count++;
0x00DE	0x0829      	MOVF       nec_remote_read_count_L0, 0
0x00DF	0x00D0      	MOVWF      R0
0x00E0	0x082A      	MOVF       nec_remote_read_count_L0+1, 0
0x00E1	0x00D1      	MOVWF      R0+1
0x00E2	0x082B      	MOVF       nec_remote_read_count_L0+2, 0
0x00E3	0x00D2      	MOVWF      R0+2
0x00E4	0x082C      	MOVF       nec_remote_read_count_L0+3, 0
0x00E5	0x00D3      	MOVWF      R0+3
0x00E6	0x0AD0      	INCF       R0, 1
0x00E7	0x1903      	BTFSC      STATUS, 2
0x00E8	0x0AD1      	INCF       R0+1, 1
0x00E9	0x1903      	BTFSC      STATUS, 2
0x00EA	0x0AD2      	INCF       R0+2, 1
0x00EB	0x1903      	BTFSC      STATUS, 2
0x00EC	0x0AD3      	INCF       R0+3, 1
0x00ED	0x0850      	MOVF       R0, 0
0x00EE	0x00A9      	MOVWF      nec_remote_read_count_L0
0x00EF	0x0851      	MOVF       R0+1, 0
0x00F0	0x00AA      	MOVWF      nec_remote_read_count_L0+1
0x00F1	0x0852      	MOVF       R0+2, 0
0x00F2	0x00AB      	MOVWF      nec_remote_read_count_L0+2
0x00F3	0x0853      	MOVF       R0+3, 0
0x00F4	0x00AC      	MOVWF      nec_remote_read_count_L0+3
;NEC IR Receiver PIC12F675.c,34 :: 		delay_us(30);
0x00F5	0x3009      	MOVLW      9
0x00F6	0x00DD      	MOVWF      R13
L_nec_remote_read23:
0x00F7	0x0BDD      	DECFSZ     R13, 1
0x00F8	0x28F7      	GOTO       L_nec_remote_read23
0x00F9	0x0000      	NOP
0x00FA	0x0000      	NOP
;NEC IR Receiver PIC12F675.c,35 :: 		}
0x00FB	0x28CC      	GOTO       L_nec_remote_read19
L_nec_remote_read20:
;NEC IR Receiver PIC12F675.c,36 :: 		if ( (count > 9) || (count < 2))     // NEC protocol?
0x00FC	0x082C      	MOVF       nec_remote_read_count_L0+3, 0
0x00FD	0x3C00      	SUBLW      0
0x00FE	0x1D03      	BTFSS      STATUS, 2
0x00FF	0x290A      	GOTO       L__nec_remote_read63
0x0100	0x082B      	MOVF       nec_remote_read_count_L0+2, 0
0x0101	0x3C00      	SUBLW      0
0x0102	0x1D03      	BTFSS      STATUS, 2
0x0103	0x290A      	GOTO       L__nec_remote_read63
0x0104	0x082A      	MOVF       nec_remote_read_count_L0+1, 0
0x0105	0x3C00      	SUBLW      0
0x0106	0x1D03      	BTFSS      STATUS, 2
0x0107	0x290A      	GOTO       L__nec_remote_read63
0x0108	0x0829      	MOVF       nec_remote_read_count_L0, 0
0x0109	0x3C09      	SUBLW      9
L__nec_remote_read63:
0x010A	0x1C03      	BTFSS      STATUS, 0
0x010B	0x291D      	GOTO       L__nec_remote_read48
0x010C	0x3000      	MOVLW      0
0x010D	0x022C      	SUBWF      nec_remote_read_count_L0+3, 0
0x010E	0x1D03      	BTFSS      STATUS, 2
0x010F	0x291A      	GOTO       L__nec_remote_read64
0x0110	0x3000      	MOVLW      0
0x0111	0x022B      	SUBWF      nec_remote_read_count_L0+2, 0
0x0112	0x1D03      	BTFSS      STATUS, 2
0x0113	0x291A      	GOTO       L__nec_remote_read64
0x0114	0x3000      	MOVLW      0
0x0115	0x022A      	SUBWF      nec_remote_read_count_L0+1, 0
0x0116	0x1D03      	BTFSS      STATUS, 2
0x0117	0x291A      	GOTO       L__nec_remote_read64
0x0118	0x3002      	MOVLW      2
0x0119	0x0229      	SUBWF      nec_remote_read_count_L0, 0
L__nec_remote_read64:
0x011A	0x1C03      	BTFSS      STATUS, 0
0x011B	0x291D      	GOTO       L__nec_remote_read48
0x011C	0x291F      	GOTO       L_nec_remote_read26
L__nec_remote_read48:
;NEC IR Receiver PIC12F675.c,37 :: 		return 0;
0x011D	0x01D0      	CLRF       R0
0x011E	0x2A03      	GOTO       L_end_nec_remote_read
L_nec_remote_read26:
;NEC IR Receiver PIC12F675.c,39 :: 		count = 0;
0x011F	0x01A9      	CLRF       nec_remote_read_count_L0
0x0120	0x01AA      	CLRF       nec_remote_read_count_L0+1
0x0121	0x01AB      	CLRF       nec_remote_read_count_L0+2
0x0122	0x01AC      	CLRF       nec_remote_read_count_L0+3
;NEC IR Receiver PIC12F675.c,40 :: 		while (IR_PIN && (count < 30)) {
L_nec_remote_read27:
0x0123	0x1D85      	BTFSS      GP3_bit, BitPos(GP3_bit+0)
0x0124	0x2953      	GOTO       L_nec_remote_read28
0x0125	0x3000      	MOVLW      0
0x0126	0x022C      	SUBWF      nec_remote_read_count_L0+3, 0
0x0127	0x1D03      	BTFSS      STATUS, 2
0x0128	0x2933      	GOTO       L__nec_remote_read65
0x0129	0x3000      	MOVLW      0
0x012A	0x022B      	SUBWF      nec_remote_read_count_L0+2, 0
0x012B	0x1D03      	BTFSS      STATUS, 2
0x012C	0x2933      	GOTO       L__nec_remote_read65
0x012D	0x3000      	MOVLW      0
0x012E	0x022A      	SUBWF      nec_remote_read_count_L0+1, 0
0x012F	0x1D03      	BTFSS      STATUS, 2
0x0130	0x2933      	GOTO       L__nec_remote_read65
0x0131	0x301E      	MOVLW      30
0x0132	0x0229      	SUBWF      nec_remote_read_count_L0, 0
L__nec_remote_read65:
0x0133	0x1803      	BTFSC      STATUS, 0
0x0134	0x2953      	GOTO       L_nec_remote_read28
L__nec_remote_read47:
;NEC IR Receiver PIC12F675.c,41 :: 		count++;
0x0135	0x0829      	MOVF       nec_remote_read_count_L0, 0
0x0136	0x00D0      	MOVWF      R0
0x0137	0x082A      	MOVF       nec_remote_read_count_L0+1, 0
0x0138	0x00D1      	MOVWF      R0+1
0x0139	0x082B      	MOVF       nec_remote_read_count_L0+2, 0
0x013A	0x00D2      	MOVWF      R0+2
0x013B	0x082C      	MOVF       nec_remote_read_count_L0+3, 0
0x013C	0x00D3      	MOVWF      R0+3
0x013D	0x0AD0      	INCF       R0, 1
0x013E	0x1903      	BTFSC      STATUS, 2
0x013F	0x0AD1      	INCF       R0+1, 1
0x0140	0x1903      	BTFSC      STATUS, 2
0x0141	0x0AD2      	INCF       R0+2, 1
0x0142	0x1903      	BTFSC      STATUS, 2
0x0143	0x0AD3      	INCF       R0+3, 1
0x0144	0x0850      	MOVF       R0, 0
0x0145	0x00A9      	MOVWF      nec_remote_read_count_L0
0x0146	0x0851      	MOVF       R0+1, 0
0x0147	0x00AA      	MOVWF      nec_remote_read_count_L0+1
0x0148	0x0852      	MOVF       R0+2, 0
0x0149	0x00AB      	MOVWF      nec_remote_read_count_L0+2
0x014A	0x0853      	MOVF       R0+3, 0
0x014B	0x00AC      	MOVWF      nec_remote_read_count_L0+3
;NEC IR Receiver PIC12F675.c,42 :: 		delay_us(30);
0x014C	0x3009      	MOVLW      9
0x014D	0x00DD      	MOVWF      R13
L_nec_remote_read31:
0x014E	0x0BDD      	DECFSZ     R13, 1
0x014F	0x294E      	GOTO       L_nec_remote_read31
0x0150	0x0000      	NOP
0x0151	0x0000      	NOP
;NEC IR Receiver PIC12F675.c,43 :: 		}
0x0152	0x2923      	GOTO       L_nec_remote_read27
L_nec_remote_read28:
;NEC IR Receiver PIC12F675.c,44 :: 		if ( (count > 29) || (count < 4))     // NEC protocol?
0x0153	0x082C      	MOVF       nec_remote_read_count_L0+3, 0
0x0154	0x3C00      	SUBLW      0
0x0155	0x1D03      	BTFSS      STATUS, 2
0x0156	0x2961      	GOTO       L__nec_remote_read66
0x0157	0x082B      	MOVF       nec_remote_read_count_L0+2, 0
0x0158	0x3C00      	SUBLW      0
0x0159	0x1D03      	BTFSS      STATUS, 2
0x015A	0x2961      	GOTO       L__nec_remote_read66
0x015B	0x082A      	MOVF       nec_remote_read_count_L0+1, 0
0x015C	0x3C00      	SUBLW      0
0x015D	0x1D03      	BTFSS      STATUS, 2
0x015E	0x2961      	GOTO       L__nec_remote_read66
0x015F	0x0829      	MOVF       nec_remote_read_count_L0, 0
0x0160	0x3C1D      	SUBLW      29
L__nec_remote_read66:
0x0161	0x1C03      	BTFSS      STATUS, 0
0x0162	0x2974      	GOTO       L__nec_remote_read46
0x0163	0x3000      	MOVLW      0
0x0164	0x022C      	SUBWF      nec_remote_read_count_L0+3, 0
0x0165	0x1D03      	BTFSS      STATUS, 2
0x0166	0x2971      	GOTO       L__nec_remote_read67
0x0167	0x3000      	MOVLW      0
0x0168	0x022B      	SUBWF      nec_remote_read_count_L0+2, 0
0x0169	0x1D03      	BTFSS      STATUS, 2
0x016A	0x2971      	GOTO       L__nec_remote_read67
0x016B	0x3000      	MOVLW      0
0x016C	0x022A      	SUBWF      nec_remote_read_count_L0+1, 0
0x016D	0x1D03      	BTFSS      STATUS, 2
0x016E	0x2971      	GOTO       L__nec_remote_read67
0x016F	0x3004      	MOVLW      4
0x0170	0x0229      	SUBWF      nec_remote_read_count_L0, 0
L__nec_remote_read67:
0x0171	0x1C03      	BTFSS      STATUS, 0
0x0172	0x2974      	GOTO       L__nec_remote_read46
0x0173	0x2976      	GOTO       L_nec_remote_read34
L__nec_remote_read46:
;NEC IR Receiver PIC12F675.c,45 :: 		return 0;
0x0174	0x01D0      	CLRF       R0
0x0175	0x2A03      	GOTO       L_end_nec_remote_read
L_nec_remote_read34:
;NEC IR Receiver PIC12F675.c,47 :: 		if ( count > 20)                      // If space width > 1ms
0x0176	0x082C      	MOVF       nec_remote_read_count_L0+3, 0
0x0177	0x3C00      	SUBLW      0
0x0178	0x1D03      	BTFSS      STATUS, 2
0x0179	0x2984      	GOTO       L__nec_remote_read68
0x017A	0x082B      	MOVF       nec_remote_read_count_L0+2, 0
0x017B	0x3C00      	SUBLW      0
0x017C	0x1D03      	BTFSS      STATUS, 2
0x017D	0x2984      	GOTO       L__nec_remote_read68
0x017E	0x082A      	MOVF       nec_remote_read_count_L0+1, 0
0x017F	0x3C00      	SUBLW      0
0x0180	0x1D03      	BTFSS      STATUS, 2
0x0181	0x2984      	GOTO       L__nec_remote_read68
0x0182	0x0829      	MOVF       nec_remote_read_count_L0, 0
0x0183	0x3C14      	SUBLW      20
L__nec_remote_read68:
0x0184	0x1803      	BTFSC      STATUS, 0
0x0185	0x29B6      	GOTO       L_nec_remote_read35
;NEC IR Receiver PIC12F675.c,48 :: 		ir_code |= 1ul << (31 - i);         // Write 1 to bit (31 - i)
0x0186	0x301F      	MOVLW      31
0x0187	0x00D0      	MOVWF      R0
0x0188	0x01D1      	CLRF       R0+1
0x0189	0x01D2      	CLRF       R0+2
0x018A	0x01D3      	CLRF       R0+3
0x018B	0x0855      	MOVF       R5, 0
0x018C	0x02D0      	SUBWF      R0, 1
0x018D	0x0856      	MOVF       R5+1, 0
0x018E	0x1C03      	BTFSS      STATUS, 0
0x018F	0x0F56      	INCFSZ     R5+1, 0
0x0190	0x02D1      	SUBWF      R0+1, 1
0x0191	0x0857      	MOVF       R5+2, 0
0x0192	0x1C03      	BTFSS      STATUS, 0
0x0193	0x0F57      	INCFSZ     R5+2, 0
0x0194	0x02D2      	SUBWF      R0+2, 1
0x0195	0x0858      	MOVF       R5+3, 0
0x0196	0x1C03      	BTFSS      STATUS, 0
0x0197	0x0F58      	INCFSZ     R5+3, 0
0x0198	0x02D3      	SUBWF      R0+3, 1
0x0199	0x0850      	MOVF       R0, 0
0x019A	0x00D4      	MOVWF      R4
0x019B	0x3001      	MOVLW      1
0x019C	0x00D0      	MOVWF      R0
0x019D	0x3000      	MOVLW      0
0x019E	0x00D1      	MOVWF      R0+1
0x019F	0x3000      	MOVLW      0
0x01A0	0x00D2      	MOVWF      R0+2
0x01A1	0x3000      	MOVLW      0
0x01A2	0x00D3      	MOVWF      R0+3
0x01A3	0x0854      	MOVF       R4, 0
L__nec_remote_read69:
0x01A4	0x1903      	BTFSC      STATUS, 2
0x01A5	0x29AD      	GOTO       L__nec_remote_read70
0x01A6	0x0DD0      	RLF        R0, 1
0x01A7	0x0DD1      	RLF        R0+1, 1
0x01A8	0x0DD2      	RLF        R0+2, 1
0x01A9	0x0DD3      	RLF        R0+3, 1
0x01AA	0x1050      	BCF        R0, 0
0x01AB	0x3EFF      	ADDLW      255
0x01AC	0x29A4      	GOTO       L__nec_remote_read69
L__nec_remote_read70:
0x01AD	0x0850      	MOVF       R0, 0
0x01AE	0x04A5      	IORWF      _ir_code, 1
0x01AF	0x0851      	MOVF       R0+1, 0
0x01B0	0x04A6      	IORWF      _ir_code+1, 1
0x01B1	0x0852      	MOVF       R0+2, 0
0x01B2	0x04A7      	IORWF      _ir_code+2, 1
0x01B3	0x0853      	MOVF       R0+3, 0
0x01B4	0x04A8      	IORWF      _ir_code+3, 1
0x01B5	0x29E9      	GOTO       L_nec_remote_read36
L_nec_remote_read35:
;NEC IR Receiver PIC12F675.c,50 :: 		ir_code &= ~(1ul << (31 - i));      // Write 0 to bit (31 - i)
0x01B6	0x301F      	MOVLW      31
0x01B7	0x00D0      	MOVWF      R0
0x01B8	0x01D1      	CLRF       R0+1
0x01B9	0x01D2      	CLRF       R0+2
0x01BA	0x01D3      	CLRF       R0+3
0x01BB	0x0855      	MOVF       R5, 0
0x01BC	0x02D0      	SUBWF      R0, 1
0x01BD	0x0856      	MOVF       R5+1, 0
0x01BE	0x1C03      	BTFSS      STATUS, 0
0x01BF	0x0F56      	INCFSZ     R5+1, 0
0x01C0	0x02D1      	SUBWF      R0+1, 1
0x01C1	0x0857      	MOVF       R5+2, 0
0x01C2	0x1C03      	BTFSS      STATUS, 0
0x01C3	0x0F57      	INCFSZ     R5+2, 0
0x01C4	0x02D2      	SUBWF      R0+2, 1
0x01C5	0x0858      	MOVF       R5+3, 0
0x01C6	0x1C03      	BTFSS      STATUS, 0
0x01C7	0x0F58      	INCFSZ     R5+3, 0
0x01C8	0x02D3      	SUBWF      R0+3, 1
0x01C9	0x0850      	MOVF       R0, 0
0x01CA	0x00D4      	MOVWF      R4
0x01CB	0x3001      	MOVLW      1
0x01CC	0x00D0      	MOVWF      R0
0x01CD	0x3000      	MOVLW      0
0x01CE	0x00D1      	MOVWF      R0+1
0x01CF	0x3000      	MOVLW      0
0x01D0	0x00D2      	MOVWF      R0+2
0x01D1	0x3000      	MOVLW      0
0x01D2	0x00D3      	MOVWF      R0+3
0x01D3	0x0854      	MOVF       R4, 0
L__nec_remote_read71:
0x01D4	0x1903      	BTFSC      STATUS, 2
0x01D5	0x29DD      	GOTO       L__nec_remote_read72
0x01D6	0x0DD0      	RLF        R0, 1
0x01D7	0x0DD1      	RLF        R0+1, 1
0x01D8	0x0DD2      	RLF        R0+2, 1
0x01D9	0x0DD3      	RLF        R0+3, 1
0x01DA	0x1050      	BCF        R0, 0
0x01DB	0x3EFF      	ADDLW      255
0x01DC	0x29D4      	GOTO       L__nec_remote_read71
L__nec_remote_read72:
0x01DD	0x09D0      	COMF       R0, 1
0x01DE	0x09D1      	COMF       R0+1, 1
0x01DF	0x09D2      	COMF       R0+2, 1
0x01E0	0x09D3      	COMF       R0+3, 1
0x01E1	0x0850      	MOVF       R0, 0
0x01E2	0x05A5      	ANDWF      _ir_code, 1
0x01E3	0x0851      	MOVF       R0+1, 0
0x01E4	0x05A6      	ANDWF      _ir_code+1, 1
0x01E5	0x0852      	MOVF       R0+2, 0
0x01E6	0x05A7      	ANDWF      _ir_code+2, 1
0x01E7	0x0853      	MOVF       R0+3, 0
0x01E8	0x05A8      	ANDWF      _ir_code+3, 1
L_nec_remote_read36:
;NEC IR Receiver PIC12F675.c,30 :: 		for (i = 0; i < 32; i++) {
0x01E9	0x0855      	MOVF       R5, 0
0x01EA	0x00D0      	MOVWF      R0
0x01EB	0x0856      	MOVF       R5+1, 0
0x01EC	0x00D1      	MOVWF      R0+1
0x01ED	0x0857      	MOVF       R5+2, 0
0x01EE	0x00D2      	MOVWF      R0+2
0x01EF	0x0858      	MOVF       R5+3, 0
0x01F0	0x00D3      	MOVWF      R0+3
0x01F1	0x0AD0      	INCF       R0, 1
0x01F2	0x1903      	BTFSC      STATUS, 2
0x01F3	0x0AD1      	INCF       R0+1, 1
0x01F4	0x1903      	BTFSC      STATUS, 2
0x01F5	0x0AD2      	INCF       R0+2, 1
0x01F6	0x1903      	BTFSC      STATUS, 2
0x01F7	0x0AD3      	INCF       R0+3, 1
0x01F8	0x0850      	MOVF       R0, 0
0x01F9	0x00D5      	MOVWF      R5
0x01FA	0x0851      	MOVF       R0+1, 0
0x01FB	0x00D6      	MOVWF      R5+1
0x01FC	0x0852      	MOVF       R0+2, 0
0x01FD	0x00D7      	MOVWF      R5+2
0x01FE	0x0853      	MOVF       R0+3, 0
0x01FF	0x00D8      	MOVWF      R5+3
;NEC IR Receiver PIC12F675.c,51 :: 		}
0x0200	0x28B8      	GOTO       L_nec_remote_read16
L_nec_remote_read17:
;NEC IR Receiver PIC12F675.c,52 :: 		return 1;
0x0201	0x3001      	MOVLW      1
0x0202	0x00D0      	MOVWF      R0
;NEC IR Receiver PIC12F675.c,53 :: 		}
L_end_nec_remote_read:
0x0203	0x0008      	RETURN
; end of _nec_remote_read
___CC2DW:
;__Lib_System.c,134 :: 		
;__Lib_System.c,137 :: 		
_CC2D_Loop1:
;__Lib_System.c,139 :: 		
0x0204	0x2003      	CALL       _____DoICP
0x0205	0x118A      	BCF        PCLATH, 3
0x0206	0x120A      	BCF        PCLATH, 4
;__Lib_System.c,141 :: 		
0x0207	0x0080      	MOVWF      INDF
;__Lib_System.c,142 :: 		
0x0208	0x0A84      	INCF       FSR, 1
;__Lib_System.c,143 :: 		
0x0209	0x0AA0      	INCF       ___DoICPAddr, 1
;__Lib_System.c,145 :: 		
0x020A	0x1903      	BTFSC      STATUS, 2
;__Lib_System.c,146 :: 		
0x020B	0x0AA1      	INCF       ___DoICPAddr+1, 1
;__Lib_System.c,147 :: 		
0x020C	0x03D0      	DECF       R0, 1
;__Lib_System.c,149 :: 		
0x020D	0x1D03      	BTFSS      STATUS, 2
;__Lib_System.c,150 :: 		
0x020E	0x2A04      	GOTO       _CC2D_Loop1
;__Lib_System.c,152 :: 		
L_end___CC2DW:
0x020F	0x0008      	RETURN
; end of ___CC2DW
_main:
;NEC IR Receiver PIC12F675.c,55 :: 		void main()
;NEC IR Receiver PIC12F675.c,57 :: 		ANSEL       = 0x00;                        //Digital IOs only
0x0210	0x1683      	BSF        STATUS, 5
0x0211	0x019F      	CLRF       ANSEL
;NEC IR Receiver PIC12F675.c,58 :: 		CMCON       = 0x07;                        //Disables comparators
0x0212	0x3007      	MOVLW      7
0x0213	0x1283      	BCF        STATUS, 5
0x0214	0x0099      	MOVWF      CMCON
;NEC IR Receiver PIC12F675.c,59 :: 		TRISIO      = 0x08;                        //GP3 are input, others are output
0x0215	0x3008      	MOVLW      8
0x0216	0x1683      	BSF        STATUS, 5
0x0217	0x0085      	MOVWF      TRISIO
;NEC IR Receiver PIC12F675.c,60 :: 		OPTION_REG  = 0x80;                        //Disable pull-ups
0x0218	0x3080      	MOVLW      128
0x0219	0x0081      	MOVWF      OPTION_REG
;NEC IR Receiver PIC12F675.c,61 :: 		LED_PIN = 1;
0x021A	0x1283      	BCF        STATUS, 5
0x021B	0x1505      	BSF        GP2_bit, BitPos(GP2_bit+0)
;NEC IR Receiver PIC12F675.c,62 :: 		Delay_ms(1000);
0x021C	0x3006      	MOVLW      6
0x021D	0x00DB      	MOVWF      R11
0x021E	0x3013      	MOVLW      19
0x021F	0x00DC      	MOVWF      R12
0x0220	0x30AD      	MOVLW      173
0x0221	0x00DD      	MOVWF      R13
L_main37:
0x0222	0x0BDD      	DECFSZ     R13, 1
0x0223	0x2A22      	GOTO       L_main37
0x0224	0x0BDC      	DECFSZ     R12, 1
0x0225	0x2A22      	GOTO       L_main37
0x0226	0x0BDB      	DECFSZ     R11, 1
0x0227	0x2A22      	GOTO       L_main37
0x0228	0x0000      	NOP
0x0229	0x0000      	NOP
;NEC IR Receiver PIC12F675.c,63 :: 		LED_PIN = 0;
0x022A	0x1105      	BCF        GP2_bit, BitPos(GP2_bit+0)
;NEC IR Receiver PIC12F675.c,64 :: 		Delay_ms(1000);
0x022B	0x3006      	MOVLW      6
0x022C	0x00DB      	MOVWF      R11
0x022D	0x3013      	MOVLW      19
0x022E	0x00DC      	MOVWF      R12
0x022F	0x30AD      	MOVLW      173
0x0230	0x00DD      	MOVWF      R13
L_main38:
0x0231	0x0BDD      	DECFSZ     R13, 1
0x0232	0x2A31      	GOTO       L_main38
0x0233	0x0BDC      	DECFSZ     R12, 1
0x0234	0x2A31      	GOTO       L_main38
0x0235	0x0BDB      	DECFSZ     R11, 1
0x0236	0x2A31      	GOTO       L_main38
0x0237	0x0000      	NOP
0x0238	0x0000      	NOP
;NEC IR Receiver PIC12F675.c,66 :: 		while (1) { //Loop executed infinite times
L_main39:
;NEC IR Receiver PIC12F675.c,68 :: 		if (nec_remote_read()) {
0x0239	0x2009      	CALL       _nec_remote_read
0x023A	0x0850      	MOVF       R0, 0
0x023B	0x1903      	BTFSC      STATUS, 2
0x023C	0x2A5D      	GOTO       L_main41
;NEC IR Receiver PIC12F675.c,69 :: 		address = ir_code >> 16;
0x023D	0x0827      	MOVF       _ir_code+2, 0
0x023E	0x00D0      	MOVWF      R0
0x023F	0x0828      	MOVF       _ir_code+3, 0
0x0240	0x00D1      	MOVWF      R0+1
0x0241	0x01D2      	CLRF       R0+2
0x0242	0x01D3      	CLRF       R0+3
0x0243	0x0850      	MOVF       R0, 0
0x0244	0x00A2      	MOVWF      _address
0x0245	0x0851      	MOVF       R0+1, 0
0x0246	0x00A3      	MOVWF      _address+1
;NEC IR Receiver PIC12F675.c,70 :: 		command = ir_code >> 8;
0x0247	0x0826      	MOVF       _ir_code+1, 0
0x0248	0x00D0      	MOVWF      R0
0x0249	0x0827      	MOVF       _ir_code+2, 0
0x024A	0x00D1      	MOVWF      R0+1
0x024B	0x0828      	MOVF       _ir_code+3, 0
0x024C	0x00D2      	MOVWF      R0+2
0x024D	0x01D3      	CLRF       R0+3
0x024E	0x0850      	MOVF       R0, 0
0x024F	0x00A4      	MOVWF      _command
;NEC IR Receiver PIC12F675.c,72 :: 		switch (command) {
0x0250	0x2A55      	GOTO       L_main42
;NEC IR Receiver PIC12F675.c,73 :: 		case 0x48:
L_main44:
;NEC IR Receiver PIC12F675.c,74 :: 		LED_PIN = 1;
0x0251	0x1505      	BSF        GP2_bit, BitPos(GP2_bit+0)
;NEC IR Receiver PIC12F675.c,75 :: 		break;
0x0252	0x2A5D      	GOTO       L_main43
;NEC IR Receiver PIC12F675.c,76 :: 		case 0x80:
L_main45:
;NEC IR Receiver PIC12F675.c,77 :: 		LED_PIN = 0;
0x0253	0x1105      	BCF        GP2_bit, BitPos(GP2_bit+0)
;NEC IR Receiver PIC12F675.c,78 :: 		break;
0x0254	0x2A5D      	GOTO       L_main43
;NEC IR Receiver PIC12F675.c,79 :: 		}
L_main42:
0x0255	0x0824      	MOVF       _command, 0
0x0256	0x3A48      	XORLW      72
0x0257	0x1903      	BTFSC      STATUS, 2
0x0258	0x2A51      	GOTO       L_main44
0x0259	0x0824      	MOVF       _command, 0
0x025A	0x3A80      	XORLW      128
0x025B	0x1903      	BTFSC      STATUS, 2
0x025C	0x2A53      	GOTO       L_main45
L_main43:
;NEC IR Receiver PIC12F675.c,80 :: 		}
L_main41:
;NEC IR Receiver PIC12F675.c,81 :: 		}
0x025D	0x2A39      	GOTO       L_main39
;NEC IR Receiver PIC12F675.c,82 :: 		}
L_end_main:
0x025E	0x2A5E      	GOTO       $+0
; end of _main
Symbol List:
//** Routines locations **
//ADDRESS    SIZE    PROCEDURE
//----------------------------------------------
0x0003       [6]    _____DoICP
0x0009     [507]    _nec_remote_read
0x0204      [12]    ___CC2DW
0x0210      [79]    _main
//** Variables locations ** 
//ADDRESS    SIZE    VARIABLE
//----------------------------------------------
0x0000       [1]    INDF
0x0002       [1]    PCL
0x0003       [1]    STATUS
0x0004       [1]    FSR
0x0005       [0]    GP2_bit
0x0005       [0]    GP3_bit
0x000A       [1]    PCLATH
0x0019       [1]    CMCON
0x0020       [2]    ___DoICPAddr
0x0022       [2]    _address
0x0024       [1]    _command
0x0025       [4]    _ir_code
0x0029       [4]    nec_remote_read_count_L0
0x0050       [1]    R0
0x0051       [1]    R1
0x0052       [1]    R2
0x0053       [1]    R3
0x0054       [1]    R4
0x0055       [1]    R5
0x0056       [1]    R6
0x0057       [1]    R7
0x0058       [1]    R8
0x0059       [1]    R9
0x005A       [1]    R10
0x005B       [1]    R11
0x005C       [1]    R12
0x005D       [1]    R13
0x005E       [1]    R14
0x005F       [1]    R15
0x0081       [1]    OPTION_REG
0x0085       [1]    TRISIO
0x009F       [1]    ANSEL
