;  LST file generated by mikroListExporter - v.2.0 
; Date/Time: 8/9/2018 4:20:58 PM
;----------------------------------------------

;Address Opcode 	ASM
0x0000	0x2BB7      	GOTO       951
_Delay_1us:
;__Lib_Delays.c,7 :: 		void Delay_1us() {
;__Lib_Delays.c,8 :: 		Delay_us(1);
0x0003	0x0000      	NOP
0x0004	0x0000      	NOP
0x0005	0x0000      	NOP
0x0006	0x0000      	NOP
;__Lib_Delays.c,9 :: 		}
L_end_Delay_1us:
0x0007	0x0008      	RETURN
; end of _Delay_1us
_Delay_50us:
;__Lib_Delays.c,19 :: 		void Delay_50us() {
;__Lib_Delays.c,20 :: 		Delay_us(50);
0x0008	0x3042      	MOVLW      66
0x0009	0x1283      	BCF        STATUS, 5
0x000A	0x1303      	BCF        STATUS, 6
0x000B	0x00FD      	MOVWF      R13
L_Delay_50us2:
0x000C	0x0BFD      	DECFSZ     R13, 1
0x000D	0x280C      	GOTO       L_Delay_50us2
0x000E	0x0000      	NOP
;__Lib_Delays.c,21 :: 		}
L_end_Delay_50us:
0x000F	0x0008      	RETURN
; end of _Delay_50us
_Delay_5500us:
;__Lib_Delays.c,31 :: 		void Delay_5500us() {
;__Lib_Delays.c,32 :: 		Delay_us(5500);
0x0010	0x301D      	MOVLW      29
0x0011	0x1283      	BCF        STATUS, 5
0x0012	0x1303      	BCF        STATUS, 6
0x0013	0x00FC      	MOVWF      R12
0x0014	0x3091      	MOVLW      145
0x0015	0x00FD      	MOVWF      R13
L_Delay_5500us5:
0x0016	0x0BFD      	DECFSZ     R13, 1
0x0017	0x2816      	GOTO       L_Delay_5500us5
0x0018	0x0BFC      	DECFSZ     R12, 1
0x0019	0x2816      	GOTO       L_Delay_5500us5
;__Lib_Delays.c,33 :: 		}
L_end_Delay_5500us:
0x001A	0x0008      	RETURN
; end of _Delay_5500us
_Lcd_Cmd:
;__Lib_Lcd.c,18 :: 		
;__Lib_Lcd.c,20 :: 		
0x001B	0x1283      	BCF        STATUS, 5
0x001C	0x1303      	BCF        STATUS, 6
0x001D	0x1BD5      	BTFSC      FARG_Lcd_Cmd_out_char, 7
0x001E	0x2821      	GOTO       L__Lcd_Cmd21
0x001F	0x1388      	BCF        LCD_D7, BitPos(LCD_D7+0)
0x0020	0x2822      	GOTO       L__Lcd_Cmd22
L__Lcd_Cmd21:
0x0021	0x1788      	BSF        LCD_D7, BitPos(LCD_D7+0)
L__Lcd_Cmd22:
;__Lib_Lcd.c,21 :: 		
0x0022	0x1B55      	BTFSC      FARG_Lcd_Cmd_out_char, 6
0x0023	0x2826      	GOTO       L__Lcd_Cmd23
0x0024	0x1308      	BCF        LCD_D6, BitPos(LCD_D6+0)
0x0025	0x2827      	GOTO       L__Lcd_Cmd24
L__Lcd_Cmd23:
0x0026	0x1708      	BSF        LCD_D6, BitPos(LCD_D6+0)
L__Lcd_Cmd24:
;__Lib_Lcd.c,22 :: 		
0x0027	0x1AD5      	BTFSC      FARG_Lcd_Cmd_out_char, 5
0x0028	0x282B      	GOTO       L__Lcd_Cmd25
0x0029	0x1288      	BCF        LCD_D5, BitPos(LCD_D5+0)
0x002A	0x282C      	GOTO       L__Lcd_Cmd26
L__Lcd_Cmd25:
0x002B	0x1688      	BSF        LCD_D5, BitPos(LCD_D5+0)
L__Lcd_Cmd26:
;__Lib_Lcd.c,23 :: 		
0x002C	0x1A55      	BTFSC      FARG_Lcd_Cmd_out_char, 4
0x002D	0x2830      	GOTO       L__Lcd_Cmd27
0x002E	0x1208      	BCF        LCD_D4, BitPos(LCD_D4+0)
0x002F	0x2831      	GOTO       L__Lcd_Cmd28
L__Lcd_Cmd27:
0x0030	0x1608      	BSF        LCD_D4, BitPos(LCD_D4+0)
L__Lcd_Cmd28:
;__Lib_Lcd.c,25 :: 		
0x0031	0x1846      	BTFSC      __Lib_Lcd_cmd_status, BitPos(__Lib_Lcd_cmd_status+0)
0x0032	0x2835      	GOTO       L__Lcd_Cmd29
0x0033	0x1488      	BSF        LCD_RS, BitPos(LCD_RS+0)
0x0034	0x2836      	GOTO       L__Lcd_Cmd30
L__Lcd_Cmd29:
0x0035	0x1088      	BCF        LCD_RS, BitPos(LCD_RS+0)
L__Lcd_Cmd30:
;__Lib_Lcd.c,28 :: 		
0x0036	0x1588      	BSF        LCD_EN, BitPos(LCD_EN+0)
;__Lib_Lcd.c,29 :: 		
0x0037	0x2003      	CALL       _Delay_1us
;__Lib_Lcd.c,30 :: 		
0x0038	0x1188      	BCF        LCD_EN, BitPos(LCD_EN+0)
;__Lib_Lcd.c,33 :: 		
0x0039	0x19D5      	BTFSC      FARG_Lcd_Cmd_out_char, 3
0x003A	0x283D      	GOTO       L__Lcd_Cmd31
0x003B	0x1388      	BCF        LCD_D7, BitPos(LCD_D7+0)
0x003C	0x283E      	GOTO       L__Lcd_Cmd32
L__Lcd_Cmd31:
0x003D	0x1788      	BSF        LCD_D7, BitPos(LCD_D7+0)
L__Lcd_Cmd32:
;__Lib_Lcd.c,34 :: 		
0x003E	0x1955      	BTFSC      FARG_Lcd_Cmd_out_char, 2
0x003F	0x2842      	GOTO       L__Lcd_Cmd33
0x0040	0x1308      	BCF        LCD_D6, BitPos(LCD_D6+0)
0x0041	0x2843      	GOTO       L__Lcd_Cmd34
L__Lcd_Cmd33:
0x0042	0x1708      	BSF        LCD_D6, BitPos(LCD_D6+0)
L__Lcd_Cmd34:
;__Lib_Lcd.c,35 :: 		
0x0043	0x18D5      	BTFSC      FARG_Lcd_Cmd_out_char, 1
0x0044	0x2847      	GOTO       L__Lcd_Cmd35
0x0045	0x1288      	BCF        LCD_D5, BitPos(LCD_D5+0)
0x0046	0x2848      	GOTO       L__Lcd_Cmd36
L__Lcd_Cmd35:
0x0047	0x1688      	BSF        LCD_D5, BitPos(LCD_D5+0)
L__Lcd_Cmd36:
;__Lib_Lcd.c,36 :: 		
0x0048	0x1855      	BTFSC      FARG_Lcd_Cmd_out_char, 0
0x0049	0x284C      	GOTO       L__Lcd_Cmd37
0x004A	0x1208      	BCF        LCD_D4, BitPos(LCD_D4+0)
0x004B	0x284D      	GOTO       L__Lcd_Cmd38
L__Lcd_Cmd37:
0x004C	0x1608      	BSF        LCD_D4, BitPos(LCD_D4+0)
L__Lcd_Cmd38:
;__Lib_Lcd.c,38 :: 		
0x004D	0x1846      	BTFSC      __Lib_Lcd_cmd_status, BitPos(__Lib_Lcd_cmd_status+0)
0x004E	0x2851      	GOTO       L__Lcd_Cmd39
0x004F	0x1488      	BSF        LCD_RS, BitPos(LCD_RS+0)
0x0050	0x2852      	GOTO       L__Lcd_Cmd40
L__Lcd_Cmd39:
0x0051	0x1088      	BCF        LCD_RS, BitPos(LCD_RS+0)
L__Lcd_Cmd40:
;__Lib_Lcd.c,40 :: 		
0x0052	0x1588      	BSF        LCD_EN, BitPos(LCD_EN+0)
;__Lib_Lcd.c,41 :: 		
0x0053	0x2003      	CALL       _Delay_1us
;__Lib_Lcd.c,42 :: 		
0x0054	0x1188      	BCF        LCD_EN, BitPos(LCD_EN+0)
;__Lib_Lcd.c,44 :: 		
0x0055	0x1C46      	BTFSS      __Lib_Lcd_cmd_status, BitPos(__Lib_Lcd_cmd_status+0)
0x0056	0x2859      	GOTO       L_Lcd_Cmd0
;__Lib_Lcd.c,45 :: 		
0x0057	0x2010      	CALL       _Delay_5500us
0x0058	0x285A      	GOTO       L_Lcd_Cmd1
L_Lcd_Cmd0:
;__Lib_Lcd.c,47 :: 		
0x0059	0x2008      	CALL       _Delay_50us
L_Lcd_Cmd1:
;__Lib_Lcd.c,48 :: 		
L_end_Lcd_Cmd:
0x005A	0x0008      	RETURN
; end of _Lcd_Cmd
_Lcd_Chr_CP:
;__Lib_Lcd.c,50 :: 		
;__Lib_Lcd.c,52 :: 		
0x005B	0x1283      	BCF        STATUS, 5
0x005C	0x1303      	BCF        STATUS, 6
0x005D	0x1046      	BCF        __Lib_Lcd_cmd_status, BitPos(__Lib_Lcd_cmd_status+0)
;__Lib_Lcd.c,53 :: 		
0x005E	0x0854      	MOVF       FARG_Lcd_Chr_CP_out_char, 0
0x005F	0x00D5      	MOVWF      FARG_Lcd_Cmd_out_char
0x0060	0x201B      	CALL       _Lcd_Cmd
;__Lib_Lcd.c,54 :: 		
0x0061	0x1446      	BSF        __Lib_Lcd_cmd_status, BitPos(__Lib_Lcd_cmd_status+0)
;__Lib_Lcd.c,55 :: 		
L_end_Lcd_Chr_CP:
0x0062	0x0008      	RETURN
; end of _Lcd_Chr_CP
_____DoICP:
;__Lib_System.c,6 :: 		
;__Lib_System.c,9 :: 		
0x0063	0x1283      	BCF        STATUS, 5
0x0064	0x1303      	BCF        STATUS, 6
0x0065	0x0841      	MOVF       ___DoICPAddr+1, 0
0x0066	0x008A      	MOVWF      PCLATH
;__Lib_System.c,10 :: 		
0x0067	0x0840      	MOVF       ___DoICPAddr, 0
0x0068	0x0082      	MOVWF      PCL
;__Lib_System.c,12 :: 		
L_end_____DoICP:
0x0069	0x0008      	RETURN
; end of _____DoICP
_Lcd_Init:
;__Lib_Lcd.c,84 :: 		
;__Lib_Lcd.c,86 :: 		
0x006A	0x1683      	BSF        STATUS, 5
0x006B	0x1303      	BCF        STATUS, 6
0x006C	0x1188      	BCF        LCD_EN_Direction, BitPos(LCD_EN_Direction+0)
;__Lib_Lcd.c,87 :: 		
0x006D	0x1088      	BCF        LCD_RS_Direction, BitPos(LCD_RS_Direction+0)
;__Lib_Lcd.c,88 :: 		
0x006E	0x1208      	BCF        LCD_D4_Direction, BitPos(LCD_D4_Direction+0)
;__Lib_Lcd.c,89 :: 		
0x006F	0x1288      	BCF        LCD_D5_Direction, BitPos(LCD_D5_Direction+0)
;__Lib_Lcd.c,90 :: 		
0x0070	0x1308      	BCF        LCD_D6_Direction, BitPos(LCD_D6_Direction+0)
;__Lib_Lcd.c,91 :: 		
0x0071	0x1388      	BCF        LCD_D7_Direction, BitPos(LCD_D7_Direction+0)
;__Lib_Lcd.c,93 :: 		
0x0072	0x1283      	BCF        STATUS, 5
0x0073	0x1188      	BCF        LCD_EN, BitPos(LCD_EN+0)
;__Lib_Lcd.c,94 :: 		
0x0074	0x1088      	BCF        LCD_RS, BitPos(LCD_RS+0)
;__Lib_Lcd.c,95 :: 		
0x0075	0x1388      	BCF        LCD_D7, BitPos(LCD_D7+0)
;__Lib_Lcd.c,96 :: 		
0x0076	0x1308      	BCF        LCD_D6, BitPos(LCD_D6+0)
;__Lib_Lcd.c,97 :: 		
0x0077	0x1288      	BCF        LCD_D5, BitPos(LCD_D5+0)
;__Lib_Lcd.c,98 :: 		
0x0078	0x1208      	BCF        LCD_D4, BitPos(LCD_D4+0)
;__Lib_Lcd.c,100 :: 		
0x0079	0x2010      	CALL       _Delay_5500us
;__Lib_Lcd.c,101 :: 		
0x007A	0x2010      	CALL       _Delay_5500us
;__Lib_Lcd.c,102 :: 		
0x007B	0x2010      	CALL       _Delay_5500us
;__Lib_Lcd.c,105 :: 		
0x007C	0x1688      	BSF        LCD_D5, BitPos(LCD_D5+0)
;__Lib_Lcd.c,106 :: 		
0x007D	0x1608      	BSF        LCD_D4, BitPos(LCD_D4+0)
;__Lib_Lcd.c,107 :: 		
0x007E	0x1588      	BSF        LCD_EN, BitPos(LCD_EN+0)
;__Lib_Lcd.c,108 :: 		
0x007F	0x2003      	CALL       _Delay_1us
;__Lib_Lcd.c,109 :: 		
0x0080	0x1188      	BCF        LCD_EN, BitPos(LCD_EN+0)
;__Lib_Lcd.c,110 :: 		
0x0081	0x2010      	CALL       _Delay_5500us
;__Lib_Lcd.c,112 :: 		
0x0082	0x1588      	BSF        LCD_EN, BitPos(LCD_EN+0)
;__Lib_Lcd.c,113 :: 		
0x0083	0x2003      	CALL       _Delay_1us
;__Lib_Lcd.c,114 :: 		
0x0084	0x1188      	BCF        LCD_EN, BitPos(LCD_EN+0)
;__Lib_Lcd.c,115 :: 		
0x0085	0x2010      	CALL       _Delay_5500us
;__Lib_Lcd.c,117 :: 		
0x0086	0x1588      	BSF        LCD_EN, BitPos(LCD_EN+0)
;__Lib_Lcd.c,118 :: 		
0x0087	0x2003      	CALL       _Delay_1us
;__Lib_Lcd.c,119 :: 		
0x0088	0x1188      	BCF        LCD_EN, BitPos(LCD_EN+0)
;__Lib_Lcd.c,120 :: 		
0x0089	0x2010      	CALL       _Delay_5500us
;__Lib_Lcd.c,123 :: 		
0x008A	0x1208      	BCF        LCD_D4, BitPos(LCD_D4+0)
;__Lib_Lcd.c,124 :: 		
0x008B	0x1588      	BSF        LCD_EN, BitPos(LCD_EN+0)
;__Lib_Lcd.c,125 :: 		
0x008C	0x2003      	CALL       _Delay_1us
;__Lib_Lcd.c,126 :: 		
0x008D	0x1188      	BCF        LCD_EN, BitPos(LCD_EN+0)
;__Lib_Lcd.c,127 :: 		
0x008E	0x2010      	CALL       _Delay_5500us
;__Lib_Lcd.c,130 :: 		
0x008F	0x1588      	BSF        LCD_EN, BitPos(LCD_EN+0)
;__Lib_Lcd.c,131 :: 		
0x0090	0x2003      	CALL       _Delay_1us
;__Lib_Lcd.c,132 :: 		
0x0091	0x1188      	BCF        LCD_EN, BitPos(LCD_EN+0)
;__Lib_Lcd.c,134 :: 		
0x0092	0x1288      	BCF        LCD_D5, BitPos(LCD_D5+0)
;__Lib_Lcd.c,135 :: 		
0x0093	0x1788      	BSF        LCD_D7, BitPos(LCD_D7+0)
;__Lib_Lcd.c,136 :: 		
0x0094	0x1588      	BSF        LCD_EN, BitPos(LCD_EN+0)
;__Lib_Lcd.c,137 :: 		
0x0095	0x2003      	CALL       _Delay_1us
;__Lib_Lcd.c,138 :: 		
0x0096	0x1188      	BCF        LCD_EN, BitPos(LCD_EN+0)
;__Lib_Lcd.c,139 :: 		
0x0097	0x2010      	CALL       _Delay_5500us
;__Lib_Lcd.c,142 :: 		
0x0098	0x1388      	BCF        LCD_D7, BitPos(LCD_D7+0)
;__Lib_Lcd.c,143 :: 		
0x0099	0x1608      	BSF        LCD_D4, BitPos(LCD_D4+0)
;__Lib_Lcd.c,144 :: 		
0x009A	0x1588      	BSF        LCD_EN, BitPos(LCD_EN+0)
;__Lib_Lcd.c,145 :: 		
0x009B	0x2003      	CALL       _Delay_1us
;__Lib_Lcd.c,146 :: 		
0x009C	0x1188      	BCF        LCD_EN, BitPos(LCD_EN+0)
;__Lib_Lcd.c,148 :: 		
0x009D	0x1208      	BCF        LCD_D4, BitPos(LCD_D4+0)
;__Lib_Lcd.c,149 :: 		
0x009E	0x1588      	BSF        LCD_EN, BitPos(LCD_EN+0)
;__Lib_Lcd.c,150 :: 		
0x009F	0x2003      	CALL       _Delay_1us
;__Lib_Lcd.c,151 :: 		
0x00A0	0x1188      	BCF        LCD_EN, BitPos(LCD_EN+0)
;__Lib_Lcd.c,152 :: 		
0x00A1	0x2010      	CALL       _Delay_5500us
;__Lib_Lcd.c,155 :: 		
0x00A2	0x1588      	BSF        LCD_EN, BitPos(LCD_EN+0)
;__Lib_Lcd.c,156 :: 		
0x00A3	0x2003      	CALL       _Delay_1us
;__Lib_Lcd.c,157 :: 		
0x00A4	0x1188      	BCF        LCD_EN, BitPos(LCD_EN+0)
;__Lib_Lcd.c,159 :: 		
0x00A5	0x1608      	BSF        LCD_D4, BitPos(LCD_D4+0)
;__Lib_Lcd.c,160 :: 		
0x00A6	0x1588      	BSF        LCD_EN, BitPos(LCD_EN+0)
;__Lib_Lcd.c,161 :: 		
0x00A7	0x2003      	CALL       _Delay_1us
;__Lib_Lcd.c,162 :: 		
0x00A8	0x1188      	BCF        LCD_EN, BitPos(LCD_EN+0)
;__Lib_Lcd.c,163 :: 		
0x00A9	0x2010      	CALL       _Delay_5500us
;__Lib_Lcd.c,166 :: 		
0x00AA	0x1208      	BCF        LCD_D4, BitPos(LCD_D4+0)
;__Lib_Lcd.c,167 :: 		
0x00AB	0x1588      	BSF        LCD_EN, BitPos(LCD_EN+0)
;__Lib_Lcd.c,168 :: 		
0x00AC	0x2003      	CALL       _Delay_1us
;__Lib_Lcd.c,169 :: 		
0x00AD	0x1188      	BCF        LCD_EN, BitPos(LCD_EN+0)
;__Lib_Lcd.c,171 :: 		
0x00AE	0x1788      	BSF        LCD_D7, BitPos(LCD_D7+0)
;__Lib_Lcd.c,172 :: 		
0x00AF	0x1708      	BSF        LCD_D6, BitPos(LCD_D6+0)
;__Lib_Lcd.c,173 :: 		
0x00B0	0x1688      	BSF        LCD_D5, BitPos(LCD_D5+0)
;__Lib_Lcd.c,174 :: 		
0x00B1	0x1608      	BSF        LCD_D4, BitPos(LCD_D4+0)
;__Lib_Lcd.c,175 :: 		
0x00B2	0x1588      	BSF        LCD_EN, BitPos(LCD_EN+0)
;__Lib_Lcd.c,176 :: 		
0x00B3	0x2003      	CALL       _Delay_1us
;__Lib_Lcd.c,177 :: 		
0x00B4	0x1188      	BCF        LCD_EN, BitPos(LCD_EN+0)
;__Lib_Lcd.c,179 :: 		
0x00B5	0x2010      	CALL       _Delay_5500us
;__Lib_Lcd.c,181 :: 		
0x00B6	0x1446      	BSF        __Lib_Lcd_cmd_status, BitPos(__Lib_Lcd_cmd_status+0)
;__Lib_Lcd.c,182 :: 		
L_end_Lcd_Init:
0x00B7	0x0008      	RETURN
; end of _Lcd_Init
_IntToHex:
;__Lib_Conversions.c,25 :: 		
;__Lib_Conversions.c,26 :: 		
0x00B8	0x1283      	BCF        STATUS, 5
0x00B9	0x1303      	BCF        STATUS, 6
0x00BA	0x0851      	MOVF       FARG_IntToHex_input+1, 0
0x00BB	0x00F0      	MOVWF      R0
0x00BC	0x0CF0      	RRF        R0, 1
0x00BD	0x13F0      	BCF        R0, 7
0x00BE	0x0CF0      	RRF        R0, 1
0x00BF	0x13F0      	BCF        R0, 7
0x00C0	0x0CF0      	RRF        R0, 1
0x00C1	0x13F0      	BCF        R0, 7
0x00C2	0x0CF0      	RRF        R0, 1
0x00C3	0x13F0      	BCF        R0, 7
0x00C4	0x3000      	MOVLW      0
0x00C5	0x00F1      	MOVWF      R0+1
0x00C6	0x3079      	MOVLW      __Lib_Conversions_Digits
0x00C7	0x07F0      	ADDWF      R0, 1
0x00C8	0x3004      	MOVLW      hi_addr(__Lib_Conversions_Digits)
0x00C9	0x1803      	BTFSC      STATUS, 0
0x00CA	0x3E01      	ADDLW      1
0x00CB	0x07F1      	ADDWF      R0+1, 1
0x00CC	0x0870      	MOVF       R0, 0
0x00CD	0x00C0      	MOVWF      ___DoICPAddr
0x00CE	0x0871      	MOVF       R0+1, 0
0x00CF	0x00C1      	MOVWF      ___DoICPAddr+1
0x00D0	0x2063      	CALL       _____DoICP
0x00D1	0x118A      	BCF        PCLATH, 3
0x00D2	0x120A      	BCF        PCLATH, 4
0x00D3	0x00F0      	MOVWF      R0
0x00D4	0x0852      	MOVF       FARG_IntToHex_output, 0
0x00D5	0x0084      	MOVWF      FSR
0x00D6	0x0870      	MOVF       R0, 0
0x00D7	0x0080      	MOVWF      INDF
;__Lib_Conversions.c,27 :: 		
0x00D8	0x0A52      	INCF       FARG_IntToHex_output, 0
0x00D9	0x00F2      	MOVWF      R2
0x00DA	0x300F      	MOVLW      15
0x00DB	0x0551      	ANDWF      FARG_IntToHex_input+1, 0
0x00DC	0x00F0      	MOVWF      R0
0x00DD	0x3000      	MOVLW      0
0x00DE	0x00F1      	MOVWF      R0+1
0x00DF	0x3079      	MOVLW      __Lib_Conversions_Digits
0x00E0	0x07F0      	ADDWF      R0, 1
0x00E1	0x3004      	MOVLW      hi_addr(__Lib_Conversions_Digits)
0x00E2	0x1803      	BTFSC      STATUS, 0
0x00E3	0x3E01      	ADDLW      1
0x00E4	0x07F1      	ADDWF      R0+1, 1
0x00E5	0x0870      	MOVF       R0, 0
0x00E6	0x00C0      	MOVWF      ___DoICPAddr
0x00E7	0x0871      	MOVF       R0+1, 0
0x00E8	0x00C1      	MOVWF      ___DoICPAddr+1
0x00E9	0x2063      	CALL       _____DoICP
0x00EA	0x118A      	BCF        PCLATH, 3
0x00EB	0x120A      	BCF        PCLATH, 4
0x00EC	0x00F0      	MOVWF      R0
0x00ED	0x0872      	MOVF       R2, 0
0x00EE	0x0084      	MOVWF      FSR
0x00EF	0x0870      	MOVF       R0, 0
0x00F0	0x0080      	MOVWF      INDF
;__Lib_Conversions.c,28 :: 		
0x00F1	0x3002      	MOVLW      2
0x00F2	0x0752      	ADDWF      FARG_IntToHex_output, 0
0x00F3	0x00F2      	MOVWF      R2
0x00F4	0x0850      	MOVF       FARG_IntToHex_input, 0
0x00F5	0x00F0      	MOVWF      R0
0x00F6	0x0CF0      	RRF        R0, 1
0x00F7	0x13F0      	BCF        R0, 7
0x00F8	0x0CF0      	RRF        R0, 1
0x00F9	0x13F0      	BCF        R0, 7
0x00FA	0x0CF0      	RRF        R0, 1
0x00FB	0x13F0      	BCF        R0, 7
0x00FC	0x0CF0      	RRF        R0, 1
0x00FD	0x13F0      	BCF        R0, 7
0x00FE	0x3000      	MOVLW      0
0x00FF	0x00F1      	MOVWF      R0+1
0x0100	0x3079      	MOVLW      __Lib_Conversions_Digits
0x0101	0x07F0      	ADDWF      R0, 1
0x0102	0x3004      	MOVLW      hi_addr(__Lib_Conversions_Digits)
0x0103	0x1803      	BTFSC      STATUS, 0
0x0104	0x3E01      	ADDLW      1
0x0105	0x07F1      	ADDWF      R0+1, 1
0x0106	0x0870      	MOVF       R0, 0
0x0107	0x00C0      	MOVWF      ___DoICPAddr
0x0108	0x0871      	MOVF       R0+1, 0
0x0109	0x00C1      	MOVWF      ___DoICPAddr+1
0x010A	0x2063      	CALL       _____DoICP
0x010B	0x118A      	BCF        PCLATH, 3
0x010C	0x120A      	BCF        PCLATH, 4
0x010D	0x00F0      	MOVWF      R0
0x010E	0x0872      	MOVF       R2, 0
0x010F	0x0084      	MOVWF      FSR
0x0110	0x0870      	MOVF       R0, 0
0x0111	0x0080      	MOVWF      INDF
;__Lib_Conversions.c,29 :: 		
0x0112	0x3003      	MOVLW      3
0x0113	0x0752      	ADDWF      FARG_IntToHex_output, 0
0x0114	0x00F2      	MOVWF      R2
0x0115	0x300F      	MOVLW      15
0x0116	0x0550      	ANDWF      FARG_IntToHex_input, 0
0x0117	0x00F0      	MOVWF      R0
0x0118	0x3000      	MOVLW      0
0x0119	0x00F1      	MOVWF      R0+1
0x011A	0x3079      	MOVLW      __Lib_Conversions_Digits
0x011B	0x07F0      	ADDWF      R0, 1
0x011C	0x3004      	MOVLW      hi_addr(__Lib_Conversions_Digits)
0x011D	0x1803      	BTFSC      STATUS, 0
0x011E	0x3E01      	ADDLW      1
0x011F	0x07F1      	ADDWF      R0+1, 1
0x0120	0x0870      	MOVF       R0, 0
0x0121	0x00C0      	MOVWF      ___DoICPAddr
0x0122	0x0871      	MOVF       R0+1, 0
0x0123	0x00C1      	MOVWF      ___DoICPAddr+1
0x0124	0x2063      	CALL       _____DoICP
0x0125	0x118A      	BCF        PCLATH, 3
0x0126	0x120A      	BCF        PCLATH, 4
0x0127	0x00F0      	MOVWF      R0
0x0128	0x0872      	MOVF       R2, 0
0x0129	0x0084      	MOVWF      FSR
0x012A	0x0870      	MOVF       R0, 0
0x012B	0x0080      	MOVWF      INDF
;__Lib_Conversions.c,30 :: 		
0x012C	0x3004      	MOVLW      4
0x012D	0x0752      	ADDWF      FARG_IntToHex_output, 0
0x012E	0x0084      	MOVWF      FSR
0x012F	0x0180      	CLRF       INDF
;__Lib_Conversions.c,31 :: 		
L_end_IntToHex:
0x0130	0x0008      	RETURN
; end of _IntToHex
_ByteToHex:
;__Lib_Conversions.c,5 :: 		
;__Lib_Conversions.c,6 :: 		
0x0131	0x1283      	BCF        STATUS, 5
0x0132	0x1303      	BCF        STATUS, 6
0x0133	0x0850      	MOVF       FARG_ByteToHex_input, 0
0x0134	0x00F0      	MOVWF      R0
0x0135	0x0CF0      	RRF        R0, 1
0x0136	0x13F0      	BCF        R0, 7
0x0137	0x0CF0      	RRF        R0, 1
0x0138	0x13F0      	BCF        R0, 7
0x0139	0x0CF0      	RRF        R0, 1
0x013A	0x13F0      	BCF        R0, 7
0x013B	0x0CF0      	RRF        R0, 1
0x013C	0x13F0      	BCF        R0, 7
0x013D	0x3000      	MOVLW      0
0x013E	0x00F1      	MOVWF      R0+1
0x013F	0x3079      	MOVLW      __Lib_Conversions_Digits
0x0140	0x07F0      	ADDWF      R0, 1
0x0141	0x3004      	MOVLW      hi_addr(__Lib_Conversions_Digits)
0x0142	0x1803      	BTFSC      STATUS, 0
0x0143	0x3E01      	ADDLW      1
0x0144	0x07F1      	ADDWF      R0+1, 1
0x0145	0x0870      	MOVF       R0, 0
0x0146	0x00C0      	MOVWF      ___DoICPAddr
0x0147	0x0871      	MOVF       R0+1, 0
0x0148	0x00C1      	MOVWF      ___DoICPAddr+1
0x0149	0x2063      	CALL       _____DoICP
0x014A	0x118A      	BCF        PCLATH, 3
0x014B	0x120A      	BCF        PCLATH, 4
0x014C	0x00F0      	MOVWF      R0
0x014D	0x0851      	MOVF       FARG_ByteToHex_output, 0
0x014E	0x0084      	MOVWF      FSR
0x014F	0x0870      	MOVF       R0, 0
0x0150	0x0080      	MOVWF      INDF
;__Lib_Conversions.c,7 :: 		
0x0151	0x0A51      	INCF       FARG_ByteToHex_output, 0
0x0152	0x00F2      	MOVWF      R2
0x0153	0x300F      	MOVLW      15
0x0154	0x0550      	ANDWF      FARG_ByteToHex_input, 0
0x0155	0x00F0      	MOVWF      R0
0x0156	0x3000      	MOVLW      0
0x0157	0x00F1      	MOVWF      R0+1
0x0158	0x3079      	MOVLW      __Lib_Conversions_Digits
0x0159	0x07F0      	ADDWF      R0, 1
0x015A	0x3004      	MOVLW      hi_addr(__Lib_Conversions_Digits)
0x015B	0x1803      	BTFSC      STATUS, 0
0x015C	0x3E01      	ADDLW      1
0x015D	0x07F1      	ADDWF      R0+1, 1
0x015E	0x0870      	MOVF       R0, 0
0x015F	0x00C0      	MOVWF      ___DoICPAddr
0x0160	0x0871      	MOVF       R0+1, 0
0x0161	0x00C1      	MOVWF      ___DoICPAddr+1
0x0162	0x2063      	CALL       _____DoICP
0x0163	0x118A      	BCF        PCLATH, 3
0x0164	0x120A      	BCF        PCLATH, 4
0x0165	0x00F0      	MOVWF      R0
0x0166	0x0872      	MOVF       R2, 0
0x0167	0x0084      	MOVWF      FSR
0x0168	0x0870      	MOVF       R0, 0
0x0169	0x0080      	MOVWF      INDF
;__Lib_Conversions.c,8 :: 		
0x016A	0x3002      	MOVLW      2
0x016B	0x0751      	ADDWF      FARG_ByteToHex_output, 0
0x016C	0x0084      	MOVWF      FSR
0x016D	0x0180      	CLRF       INDF
;__Lib_Conversions.c,9 :: 		
L_end_ByteToHex:
0x016E	0x0008      	RETURN
; end of _ByteToHex
_nec_remote_read:
;NEC IR Receiver PIC16F877A.c,26 :: 		short nec_remote_read() {
;NEC IR Receiver PIC16F877A.c,28 :: 		unsigned long count = 0, i;
0x016F	0x1283      	BCF        STATUS, 5
0x0170	0x1303      	BCF        STATUS, 6
0x0171	0x01D0      	CLRF       nec_remote_read_count_L0
0x0172	0x01D1      	CLRF       nec_remote_read_count_L0+1
0x0173	0x01D2      	CLRF       nec_remote_read_count_L0+2
0x0174	0x01D3      	CLRF       nec_remote_read_count_L0+3
;NEC IR Receiver PIC16F877A.c,30 :: 		while ((IR_PIN == 0) && (count <= 180)) {
L_nec_remote_read0:
0x0175	0x1806      	BTFSC      RB0_bit, BitPos(RB0_bit+0)
0x0176	0x29A4      	GOTO       L_nec_remote_read1
0x0177	0x0853      	MOVF       nec_remote_read_count_L0+3, 0
0x0178	0x3C00      	SUBLW      0
0x0179	0x1D03      	BTFSS      STATUS, 2
0x017A	0x2985      	GOTO       L__nec_remote_read55
0x017B	0x0852      	MOVF       nec_remote_read_count_L0+2, 0
0x017C	0x3C00      	SUBLW      0
0x017D	0x1D03      	BTFSS      STATUS, 2
0x017E	0x2985      	GOTO       L__nec_remote_read55
0x017F	0x0851      	MOVF       nec_remote_read_count_L0+1, 0
0x0180	0x3C00      	SUBLW      0
0x0181	0x1D03      	BTFSS      STATUS, 2
0x0182	0x2985      	GOTO       L__nec_remote_read55
0x0183	0x0850      	MOVF       nec_remote_read_count_L0, 0
0x0184	0x3CB4      	SUBLW      180
L__nec_remote_read55:
0x0185	0x1C03      	BTFSS      STATUS, 0
0x0186	0x29A4      	GOTO       L_nec_remote_read1
L__nec_remote_read53:
;NEC IR Receiver PIC16F877A.c,31 :: 		count++;
0x0187	0x0850      	MOVF       nec_remote_read_count_L0, 0
0x0188	0x00F0      	MOVWF      R0
0x0189	0x0851      	MOVF       nec_remote_read_count_L0+1, 0
0x018A	0x00F1      	MOVWF      R0+1
0x018B	0x0852      	MOVF       nec_remote_read_count_L0+2, 0
0x018C	0x00F2      	MOVWF      R0+2
0x018D	0x0853      	MOVF       nec_remote_read_count_L0+3, 0
0x018E	0x00F3      	MOVWF      R0+3
0x018F	0x0AF0      	INCF       R0, 1
0x0190	0x1903      	BTFSC      STATUS, 2
0x0191	0x0AF1      	INCF       R0+1, 1
0x0192	0x1903      	BTFSC      STATUS, 2
0x0193	0x0AF2      	INCF       R0+2, 1
0x0194	0x1903      	BTFSC      STATUS, 2
0x0195	0x0AF3      	INCF       R0+3, 1
0x0196	0x0870      	MOVF       R0, 0
0x0197	0x00D0      	MOVWF      nec_remote_read_count_L0
0x0198	0x0871      	MOVF       R0+1, 0
0x0199	0x00D1      	MOVWF      nec_remote_read_count_L0+1
0x019A	0x0872      	MOVF       R0+2, 0
0x019B	0x00D2      	MOVWF      nec_remote_read_count_L0+2
0x019C	0x0873      	MOVF       R0+3, 0
0x019D	0x00D3      	MOVWF      nec_remote_read_count_L0+3
;NEC IR Receiver PIC16F877A.c,32 :: 		delay_us(50);
0x019E	0x3042      	MOVLW      66
0x019F	0x00FD      	MOVWF      R13
L_nec_remote_read4:
0x01A0	0x0BFD      	DECFSZ     R13, 1
0x01A1	0x29A0      	GOTO       L_nec_remote_read4
0x01A2	0x0000      	NOP
;NEC IR Receiver PIC16F877A.c,33 :: 		}
0x01A3	0x2975      	GOTO       L_nec_remote_read0
L_nec_remote_read1:
;NEC IR Receiver PIC16F877A.c,34 :: 		if ( (count > 179) || (count < 120))     // NEC protocol?
0x01A4	0x0853      	MOVF       nec_remote_read_count_L0+3, 0
0x01A5	0x3C00      	SUBLW      0
0x01A6	0x1D03      	BTFSS      STATUS, 2
0x01A7	0x29B2      	GOTO       L__nec_remote_read56
0x01A8	0x0852      	MOVF       nec_remote_read_count_L0+2, 0
0x01A9	0x3C00      	SUBLW      0
0x01AA	0x1D03      	BTFSS      STATUS, 2
0x01AB	0x29B2      	GOTO       L__nec_remote_read56
0x01AC	0x0851      	MOVF       nec_remote_read_count_L0+1, 0
0x01AD	0x3C00      	SUBLW      0
0x01AE	0x1D03      	BTFSS      STATUS, 2
0x01AF	0x29B2      	GOTO       L__nec_remote_read56
0x01B0	0x0850      	MOVF       nec_remote_read_count_L0, 0
0x01B1	0x3CB3      	SUBLW      179
L__nec_remote_read56:
0x01B2	0x1C03      	BTFSS      STATUS, 0
0x01B3	0x29C5      	GOTO       L__nec_remote_read52
0x01B4	0x3000      	MOVLW      0
0x01B5	0x0253      	SUBWF      nec_remote_read_count_L0+3, 0
0x01B6	0x1D03      	BTFSS      STATUS, 2
0x01B7	0x29C2      	GOTO       L__nec_remote_read57
0x01B8	0x3000      	MOVLW      0
0x01B9	0x0252      	SUBWF      nec_remote_read_count_L0+2, 0
0x01BA	0x1D03      	BTFSS      STATUS, 2
0x01BB	0x29C2      	GOTO       L__nec_remote_read57
0x01BC	0x3000      	MOVLW      0
0x01BD	0x0251      	SUBWF      nec_remote_read_count_L0+1, 0
0x01BE	0x1D03      	BTFSS      STATUS, 2
0x01BF	0x29C2      	GOTO       L__nec_remote_read57
0x01C0	0x3078      	MOVLW      120
0x01C1	0x0250      	SUBWF      nec_remote_read_count_L0, 0
L__nec_remote_read57:
0x01C2	0x1C03      	BTFSS      STATUS, 0
0x01C3	0x29C5      	GOTO       L__nec_remote_read52
0x01C4	0x29C7      	GOTO       L_nec_remote_read7
L__nec_remote_read52:
;NEC IR Receiver PIC16F877A.c,35 :: 		return 0;
0x01C5	0x01F0      	CLRF       R0
0x01C6	0x2B6A      	GOTO       L_end_nec_remote_read
L_nec_remote_read7:
;NEC IR Receiver PIC16F877A.c,37 :: 		count = 0;
0x01C7	0x01D0      	CLRF       nec_remote_read_count_L0
0x01C8	0x01D1      	CLRF       nec_remote_read_count_L0+1
0x01C9	0x01D2      	CLRF       nec_remote_read_count_L0+2
0x01CA	0x01D3      	CLRF       nec_remote_read_count_L0+3
;NEC IR Receiver PIC16F877A.c,39 :: 		while (IR_PIN && (count <= 90)) {
L_nec_remote_read8:
0x01CB	0x1C06      	BTFSS      RB0_bit, BitPos(RB0_bit+0)
0x01CC	0x29FA      	GOTO       L_nec_remote_read9
0x01CD	0x0853      	MOVF       nec_remote_read_count_L0+3, 0
0x01CE	0x3C00      	SUBLW      0
0x01CF	0x1D03      	BTFSS      STATUS, 2
0x01D0	0x29DB      	GOTO       L__nec_remote_read58
0x01D1	0x0852      	MOVF       nec_remote_read_count_L0+2, 0
0x01D2	0x3C00      	SUBLW      0
0x01D3	0x1D03      	BTFSS      STATUS, 2
0x01D4	0x29DB      	GOTO       L__nec_remote_read58
0x01D5	0x0851      	MOVF       nec_remote_read_count_L0+1, 0
0x01D6	0x3C00      	SUBLW      0
0x01D7	0x1D03      	BTFSS      STATUS, 2
0x01D8	0x29DB      	GOTO       L__nec_remote_read58
0x01D9	0x0850      	MOVF       nec_remote_read_count_L0, 0
0x01DA	0x3C5A      	SUBLW      90
L__nec_remote_read58:
0x01DB	0x1C03      	BTFSS      STATUS, 0
0x01DC	0x29FA      	GOTO       L_nec_remote_read9
L__nec_remote_read51:
;NEC IR Receiver PIC16F877A.c,40 :: 		count++;
0x01DD	0x0850      	MOVF       nec_remote_read_count_L0, 0
0x01DE	0x00F0      	MOVWF      R0
0x01DF	0x0851      	MOVF       nec_remote_read_count_L0+1, 0
0x01E0	0x00F1      	MOVWF      R0+1
0x01E1	0x0852      	MOVF       nec_remote_read_count_L0+2, 0
0x01E2	0x00F2      	MOVWF      R0+2
0x01E3	0x0853      	MOVF       nec_remote_read_count_L0+3, 0
0x01E4	0x00F3      	MOVWF      R0+3
0x01E5	0x0AF0      	INCF       R0, 1
0x01E6	0x1903      	BTFSC      STATUS, 2
0x01E7	0x0AF1      	INCF       R0+1, 1
0x01E8	0x1903      	BTFSC      STATUS, 2
0x01E9	0x0AF2      	INCF       R0+2, 1
0x01EA	0x1903      	BTFSC      STATUS, 2
0x01EB	0x0AF3      	INCF       R0+3, 1
0x01EC	0x0870      	MOVF       R0, 0
0x01ED	0x00D0      	MOVWF      nec_remote_read_count_L0
0x01EE	0x0871      	MOVF       R0+1, 0
0x01EF	0x00D1      	MOVWF      nec_remote_read_count_L0+1
0x01F0	0x0872      	MOVF       R0+2, 0
0x01F1	0x00D2      	MOVWF      nec_remote_read_count_L0+2
0x01F2	0x0873      	MOVF       R0+3, 0
0x01F3	0x00D3      	MOVWF      nec_remote_read_count_L0+3
;NEC IR Receiver PIC16F877A.c,41 :: 		delay_us(50);
0x01F4	0x3042      	MOVLW      66
0x01F5	0x00FD      	MOVWF      R13
L_nec_remote_read12:
0x01F6	0x0BFD      	DECFSZ     R13, 1
0x01F7	0x29F6      	GOTO       L_nec_remote_read12
0x01F8	0x0000      	NOP
;NEC IR Receiver PIC16F877A.c,42 :: 		}
0x01F9	0x29CB      	GOTO       L_nec_remote_read8
L_nec_remote_read9:
;NEC IR Receiver PIC16F877A.c,43 :: 		if ( (count > 89) || (count < 40))       // NEC protocol?
0x01FA	0x0853      	MOVF       nec_remote_read_count_L0+3, 0
0x01FB	0x3C00      	SUBLW      0
0x01FC	0x1D03      	BTFSS      STATUS, 2
0x01FD	0x2A08      	GOTO       L__nec_remote_read59
0x01FE	0x0852      	MOVF       nec_remote_read_count_L0+2, 0
0x01FF	0x3C00      	SUBLW      0
0x0200	0x1D03      	BTFSS      STATUS, 2
0x0201	0x2A08      	GOTO       L__nec_remote_read59
0x0202	0x0851      	MOVF       nec_remote_read_count_L0+1, 0
0x0203	0x3C00      	SUBLW      0
0x0204	0x1D03      	BTFSS      STATUS, 2
0x0205	0x2A08      	GOTO       L__nec_remote_read59
0x0206	0x0850      	MOVF       nec_remote_read_count_L0, 0
0x0207	0x3C59      	SUBLW      89
L__nec_remote_read59:
0x0208	0x1C03      	BTFSS      STATUS, 0
0x0209	0x2A1B      	GOTO       L__nec_remote_read50
0x020A	0x3000      	MOVLW      0
0x020B	0x0253      	SUBWF      nec_remote_read_count_L0+3, 0
0x020C	0x1D03      	BTFSS      STATUS, 2
0x020D	0x2A18      	GOTO       L__nec_remote_read60
0x020E	0x3000      	MOVLW      0
0x020F	0x0252      	SUBWF      nec_remote_read_count_L0+2, 0
0x0210	0x1D03      	BTFSS      STATUS, 2
0x0211	0x2A18      	GOTO       L__nec_remote_read60
0x0212	0x3000      	MOVLW      0
0x0213	0x0251      	SUBWF      nec_remote_read_count_L0+1, 0
0x0214	0x1D03      	BTFSS      STATUS, 2
0x0215	0x2A18      	GOTO       L__nec_remote_read60
0x0216	0x3028      	MOVLW      40
0x0217	0x0250      	SUBWF      nec_remote_read_count_L0, 0
L__nec_remote_read60:
0x0218	0x1C03      	BTFSS      STATUS, 0
0x0219	0x2A1B      	GOTO       L__nec_remote_read50
0x021A	0x2A1D      	GOTO       L_nec_remote_read15
L__nec_remote_read50:
;NEC IR Receiver PIC16F877A.c,44 :: 		return 0;
0x021B	0x01F0      	CLRF       R0
0x021C	0x2B6A      	GOTO       L_end_nec_remote_read
L_nec_remote_read15:
;NEC IR Receiver PIC16F877A.c,47 :: 		for (i = 0; i < 32; i++) {
0x021D	0x01F5      	CLRF       R5
0x021E	0x01F6      	CLRF       R5+1
0x021F	0x01F7      	CLRF       R5+2
0x0220	0x01F8      	CLRF       R5+3
L_nec_remote_read16:
0x0221	0x3000      	MOVLW      0
0x0222	0x0278      	SUBWF      R5+3, 0
0x0223	0x1D03      	BTFSS      STATUS, 2
0x0224	0x2A2F      	GOTO       L__nec_remote_read61
0x0225	0x3000      	MOVLW      0
0x0226	0x0277      	SUBWF      R5+2, 0
0x0227	0x1D03      	BTFSS      STATUS, 2
0x0228	0x2A2F      	GOTO       L__nec_remote_read61
0x0229	0x3000      	MOVLW      0
0x022A	0x0276      	SUBWF      R5+1, 0
0x022B	0x1D03      	BTFSS      STATUS, 2
0x022C	0x2A2F      	GOTO       L__nec_remote_read61
0x022D	0x3020      	MOVLW      32
0x022E	0x0275      	SUBWF      R5, 0
L__nec_remote_read61:
0x022F	0x1803      	BTFSC      STATUS, 0
0x0230	0x2B68      	GOTO       L_nec_remote_read17
;NEC IR Receiver PIC16F877A.c,48 :: 		count = 0;
0x0231	0x01D0      	CLRF       nec_remote_read_count_L0
0x0232	0x01D1      	CLRF       nec_remote_read_count_L0+1
0x0233	0x01D2      	CLRF       nec_remote_read_count_L0+2
0x0234	0x01D3      	CLRF       nec_remote_read_count_L0+3
;NEC IR Receiver PIC16F877A.c,49 :: 		while ((IR_PIN == 0) && (count <= 23)) {
L_nec_remote_read19:
0x0235	0x1806      	BTFSC      RB0_bit, BitPos(RB0_bit+0)
0x0236	0x2A64      	GOTO       L_nec_remote_read20
0x0237	0x0853      	MOVF       nec_remote_read_count_L0+3, 0
0x0238	0x3C00      	SUBLW      0
0x0239	0x1D03      	BTFSS      STATUS, 2
0x023A	0x2A45      	GOTO       L__nec_remote_read62
0x023B	0x0852      	MOVF       nec_remote_read_count_L0+2, 0
0x023C	0x3C00      	SUBLW      0
0x023D	0x1D03      	BTFSS      STATUS, 2
0x023E	0x2A45      	GOTO       L__nec_remote_read62
0x023F	0x0851      	MOVF       nec_remote_read_count_L0+1, 0
0x0240	0x3C00      	SUBLW      0
0x0241	0x1D03      	BTFSS      STATUS, 2
0x0242	0x2A45      	GOTO       L__nec_remote_read62
0x0243	0x0850      	MOVF       nec_remote_read_count_L0, 0
0x0244	0x3C17      	SUBLW      23
L__nec_remote_read62:
0x0245	0x1C03      	BTFSS      STATUS, 0
0x0246	0x2A64      	GOTO       L_nec_remote_read20
L__nec_remote_read49:
;NEC IR Receiver PIC16F877A.c,50 :: 		count++;
0x0247	0x0850      	MOVF       nec_remote_read_count_L0, 0
0x0248	0x00F0      	MOVWF      R0
0x0249	0x0851      	MOVF       nec_remote_read_count_L0+1, 0
0x024A	0x00F1      	MOVWF      R0+1
0x024B	0x0852      	MOVF       nec_remote_read_count_L0+2, 0
0x024C	0x00F2      	MOVWF      R0+2
0x024D	0x0853      	MOVF       nec_remote_read_count_L0+3, 0
0x024E	0x00F3      	MOVWF      R0+3
0x024F	0x0AF0      	INCF       R0, 1
0x0250	0x1903      	BTFSC      STATUS, 2
0x0251	0x0AF1      	INCF       R0+1, 1
0x0252	0x1903      	BTFSC      STATUS, 2
0x0253	0x0AF2      	INCF       R0+2, 1
0x0254	0x1903      	BTFSC      STATUS, 2
0x0255	0x0AF3      	INCF       R0+3, 1
0x0256	0x0870      	MOVF       R0, 0
0x0257	0x00D0      	MOVWF      nec_remote_read_count_L0
0x0258	0x0871      	MOVF       R0+1, 0
0x0259	0x00D1      	MOVWF      nec_remote_read_count_L0+1
0x025A	0x0872      	MOVF       R0+2, 0
0x025B	0x00D2      	MOVWF      nec_remote_read_count_L0+2
0x025C	0x0873      	MOVF       R0+3, 0
0x025D	0x00D3      	MOVWF      nec_remote_read_count_L0+3
;NEC IR Receiver PIC16F877A.c,51 :: 		delay_us(50);
0x025E	0x3042      	MOVLW      66
0x025F	0x00FD      	MOVWF      R13
L_nec_remote_read23:
0x0260	0x0BFD      	DECFSZ     R13, 1
0x0261	0x2A60      	GOTO       L_nec_remote_read23
0x0262	0x0000      	NOP
;NEC IR Receiver PIC16F877A.c,52 :: 		}
0x0263	0x2A35      	GOTO       L_nec_remote_read19
L_nec_remote_read20:
;NEC IR Receiver PIC16F877A.c,53 :: 		if ( (count > 22) || (count < 4))     // NEC protocol?
0x0264	0x0853      	MOVF       nec_remote_read_count_L0+3, 0
0x0265	0x3C00      	SUBLW      0
0x0266	0x1D03      	BTFSS      STATUS, 2
0x0267	0x2A72      	GOTO       L__nec_remote_read63
0x0268	0x0852      	MOVF       nec_remote_read_count_L0+2, 0
0x0269	0x3C00      	SUBLW      0
0x026A	0x1D03      	BTFSS      STATUS, 2
0x026B	0x2A72      	GOTO       L__nec_remote_read63
0x026C	0x0851      	MOVF       nec_remote_read_count_L0+1, 0
0x026D	0x3C00      	SUBLW      0
0x026E	0x1D03      	BTFSS      STATUS, 2
0x026F	0x2A72      	GOTO       L__nec_remote_read63
0x0270	0x0850      	MOVF       nec_remote_read_count_L0, 0
0x0271	0x3C16      	SUBLW      22
L__nec_remote_read63:
0x0272	0x1C03      	BTFSS      STATUS, 0
0x0273	0x2A85      	GOTO       L__nec_remote_read48
0x0274	0x3000      	MOVLW      0
0x0275	0x0253      	SUBWF      nec_remote_read_count_L0+3, 0
0x0276	0x1D03      	BTFSS      STATUS, 2
0x0277	0x2A82      	GOTO       L__nec_remote_read64
0x0278	0x3000      	MOVLW      0
0x0279	0x0252      	SUBWF      nec_remote_read_count_L0+2, 0
0x027A	0x1D03      	BTFSS      STATUS, 2
0x027B	0x2A82      	GOTO       L__nec_remote_read64
0x027C	0x3000      	MOVLW      0
0x027D	0x0251      	SUBWF      nec_remote_read_count_L0+1, 0
0x027E	0x1D03      	BTFSS      STATUS, 2
0x027F	0x2A82      	GOTO       L__nec_remote_read64
0x0280	0x3004      	MOVLW      4
0x0281	0x0250      	SUBWF      nec_remote_read_count_L0, 0
L__nec_remote_read64:
0x0282	0x1C03      	BTFSS      STATUS, 0
0x0283	0x2A85      	GOTO       L__nec_remote_read48
0x0284	0x2A87      	GOTO       L_nec_remote_read26
L__nec_remote_read48:
;NEC IR Receiver PIC16F877A.c,54 :: 		return 0;
0x0285	0x01F0      	CLRF       R0
0x0286	0x2B6A      	GOTO       L_end_nec_remote_read
L_nec_remote_read26:
;NEC IR Receiver PIC16F877A.c,56 :: 		count = 0;
0x0287	0x01D0      	CLRF       nec_remote_read_count_L0
0x0288	0x01D1      	CLRF       nec_remote_read_count_L0+1
0x0289	0x01D2      	CLRF       nec_remote_read_count_L0+2
0x028A	0x01D3      	CLRF       nec_remote_read_count_L0+3
;NEC IR Receiver PIC16F877A.c,57 :: 		while (IR_PIN && (count <= 45)) {
L_nec_remote_read27:
0x028B	0x1C06      	BTFSS      RB0_bit, BitPos(RB0_bit+0)
0x028C	0x2ABA      	GOTO       L_nec_remote_read28
0x028D	0x0853      	MOVF       nec_remote_read_count_L0+3, 0
0x028E	0x3C00      	SUBLW      0
0x028F	0x1D03      	BTFSS      STATUS, 2
0x0290	0x2A9B      	GOTO       L__nec_remote_read65
0x0291	0x0852      	MOVF       nec_remote_read_count_L0+2, 0
0x0292	0x3C00      	SUBLW      0
0x0293	0x1D03      	BTFSS      STATUS, 2
0x0294	0x2A9B      	GOTO       L__nec_remote_read65
0x0295	0x0851      	MOVF       nec_remote_read_count_L0+1, 0
0x0296	0x3C00      	SUBLW      0
0x0297	0x1D03      	BTFSS      STATUS, 2
0x0298	0x2A9B      	GOTO       L__nec_remote_read65
0x0299	0x0850      	MOVF       nec_remote_read_count_L0, 0
0x029A	0x3C2D      	SUBLW      45
L__nec_remote_read65:
0x029B	0x1C03      	BTFSS      STATUS, 0
0x029C	0x2ABA      	GOTO       L_nec_remote_read28
L__nec_remote_read47:
;NEC IR Receiver PIC16F877A.c,58 :: 		count++;
0x029D	0x0850      	MOVF       nec_remote_read_count_L0, 0
0x029E	0x00F0      	MOVWF      R0
0x029F	0x0851      	MOVF       nec_remote_read_count_L0+1, 0
0x02A0	0x00F1      	MOVWF      R0+1
0x02A1	0x0852      	MOVF       nec_remote_read_count_L0+2, 0
0x02A2	0x00F2      	MOVWF      R0+2
0x02A3	0x0853      	MOVF       nec_remote_read_count_L0+3, 0
0x02A4	0x00F3      	MOVWF      R0+3
0x02A5	0x0AF0      	INCF       R0, 1
0x02A6	0x1903      	BTFSC      STATUS, 2
0x02A7	0x0AF1      	INCF       R0+1, 1
0x02A8	0x1903      	BTFSC      STATUS, 2
0x02A9	0x0AF2      	INCF       R0+2, 1
0x02AA	0x1903      	BTFSC      STATUS, 2
0x02AB	0x0AF3      	INCF       R0+3, 1
0x02AC	0x0870      	MOVF       R0, 0
0x02AD	0x00D0      	MOVWF      nec_remote_read_count_L0
0x02AE	0x0871      	MOVF       R0+1, 0
0x02AF	0x00D1      	MOVWF      nec_remote_read_count_L0+1
0x02B0	0x0872      	MOVF       R0+2, 0
0x02B1	0x00D2      	MOVWF      nec_remote_read_count_L0+2
0x02B2	0x0873      	MOVF       R0+3, 0
0x02B3	0x00D3      	MOVWF      nec_remote_read_count_L0+3
;NEC IR Receiver PIC16F877A.c,59 :: 		delay_us(50);
0x02B4	0x3042      	MOVLW      66
0x02B5	0x00FD      	MOVWF      R13
L_nec_remote_read31:
0x02B6	0x0BFD      	DECFSZ     R13, 1
0x02B7	0x2AB6      	GOTO       L_nec_remote_read31
0x02B8	0x0000      	NOP
;NEC IR Receiver PIC16F877A.c,60 :: 		}
0x02B9	0x2A8B      	GOTO       L_nec_remote_read27
L_nec_remote_read28:
;NEC IR Receiver PIC16F877A.c,61 :: 		if ( (count > 44) || (count < 8))     // NEC protocol?
0x02BA	0x0853      	MOVF       nec_remote_read_count_L0+3, 0
0x02BB	0x3C00      	SUBLW      0
0x02BC	0x1D03      	BTFSS      STATUS, 2
0x02BD	0x2AC8      	GOTO       L__nec_remote_read66
0x02BE	0x0852      	MOVF       nec_remote_read_count_L0+2, 0
0x02BF	0x3C00      	SUBLW      0
0x02C0	0x1D03      	BTFSS      STATUS, 2
0x02C1	0x2AC8      	GOTO       L__nec_remote_read66
0x02C2	0x0851      	MOVF       nec_remote_read_count_L0+1, 0
0x02C3	0x3C00      	SUBLW      0
0x02C4	0x1D03      	BTFSS      STATUS, 2
0x02C5	0x2AC8      	GOTO       L__nec_remote_read66
0x02C6	0x0850      	MOVF       nec_remote_read_count_L0, 0
0x02C7	0x3C2C      	SUBLW      44
L__nec_remote_read66:
0x02C8	0x1C03      	BTFSS      STATUS, 0
0x02C9	0x2ADB      	GOTO       L__nec_remote_read46
0x02CA	0x3000      	MOVLW      0
0x02CB	0x0253      	SUBWF      nec_remote_read_count_L0+3, 0
0x02CC	0x1D03      	BTFSS      STATUS, 2
0x02CD	0x2AD8      	GOTO       L__nec_remote_read67
0x02CE	0x3000      	MOVLW      0
0x02CF	0x0252      	SUBWF      nec_remote_read_count_L0+2, 0
0x02D0	0x1D03      	BTFSS      STATUS, 2
0x02D1	0x2AD8      	GOTO       L__nec_remote_read67
0x02D2	0x3000      	MOVLW      0
0x02D3	0x0251      	SUBWF      nec_remote_read_count_L0+1, 0
0x02D4	0x1D03      	BTFSS      STATUS, 2
0x02D5	0x2AD8      	GOTO       L__nec_remote_read67
0x02D6	0x3008      	MOVLW      8
0x02D7	0x0250      	SUBWF      nec_remote_read_count_L0, 0
L__nec_remote_read67:
0x02D8	0x1C03      	BTFSS      STATUS, 0
0x02D9	0x2ADB      	GOTO       L__nec_remote_read46
0x02DA	0x2ADD      	GOTO       L_nec_remote_read34
L__nec_remote_read46:
;NEC IR Receiver PIC16F877A.c,62 :: 		return 0;
0x02DB	0x01F0      	CLRF       R0
0x02DC	0x2B6A      	GOTO       L_end_nec_remote_read
L_nec_remote_read34:
;NEC IR Receiver PIC16F877A.c,64 :: 		if ( count > 21)                      // If space width > 1ms
0x02DD	0x0853      	MOVF       nec_remote_read_count_L0+3, 0
0x02DE	0x3C00      	SUBLW      0
0x02DF	0x1D03      	BTFSS      STATUS, 2
0x02E0	0x2AEB      	GOTO       L__nec_remote_read68
0x02E1	0x0852      	MOVF       nec_remote_read_count_L0+2, 0
0x02E2	0x3C00      	SUBLW      0
0x02E3	0x1D03      	BTFSS      STATUS, 2
0x02E4	0x2AEB      	GOTO       L__nec_remote_read68
0x02E5	0x0851      	MOVF       nec_remote_read_count_L0+1, 0
0x02E6	0x3C00      	SUBLW      0
0x02E7	0x1D03      	BTFSS      STATUS, 2
0x02E8	0x2AEB      	GOTO       L__nec_remote_read68
0x02E9	0x0850      	MOVF       nec_remote_read_count_L0, 0
0x02EA	0x3C15      	SUBLW      21
L__nec_remote_read68:
0x02EB	0x1803      	BTFSC      STATUS, 0
0x02EC	0x2B1D      	GOTO       L_nec_remote_read35
;NEC IR Receiver PIC16F877A.c,65 :: 		ir_code |= 1ul << (31 - i);         // Write 1 to bit (31 - i)
0x02ED	0x301F      	MOVLW      31
0x02EE	0x00F0      	MOVWF      R0
0x02EF	0x01F1      	CLRF       R0+1
0x02F0	0x01F2      	CLRF       R0+2
0x02F1	0x01F3      	CLRF       R0+3
0x02F2	0x0875      	MOVF       R5, 0
0x02F3	0x02F0      	SUBWF      R0, 1
0x02F4	0x0876      	MOVF       R5+1, 0
0x02F5	0x1C03      	BTFSS      STATUS, 0
0x02F6	0x0F76      	INCFSZ     R5+1, 0
0x02F7	0x02F1      	SUBWF      R0+1, 1
0x02F8	0x0877      	MOVF       R5+2, 0
0x02F9	0x1C03      	BTFSS      STATUS, 0
0x02FA	0x0F77      	INCFSZ     R5+2, 0
0x02FB	0x02F2      	SUBWF      R0+2, 1
0x02FC	0x0878      	MOVF       R5+3, 0
0x02FD	0x1C03      	BTFSS      STATUS, 0
0x02FE	0x0F78      	INCFSZ     R5+3, 0
0x02FF	0x02F3      	SUBWF      R0+3, 1
0x0300	0x0870      	MOVF       R0, 0
0x0301	0x00F4      	MOVWF      R4
0x0302	0x3001      	MOVLW      1
0x0303	0x00F0      	MOVWF      R0
0x0304	0x3000      	MOVLW      0
0x0305	0x00F1      	MOVWF      R0+1
0x0306	0x3000      	MOVLW      0
0x0307	0x00F2      	MOVWF      R0+2
0x0308	0x3000      	MOVLW      0
0x0309	0x00F3      	MOVWF      R0+3
0x030A	0x0874      	MOVF       R4, 0
L__nec_remote_read69:
0x030B	0x1903      	BTFSC      STATUS, 2
0x030C	0x2B14      	GOTO       L__nec_remote_read70
0x030D	0x0DF0      	RLF        R0, 1
0x030E	0x0DF1      	RLF        R0+1, 1
0x030F	0x0DF2      	RLF        R0+2, 1
0x0310	0x0DF3      	RLF        R0+3, 1
0x0311	0x1070      	BCF        R0, 0
0x0312	0x3EFF      	ADDLW      255
0x0313	0x2B0B      	GOTO       L__nec_remote_read69
L__nec_remote_read70:
0x0314	0x0870      	MOVF       R0, 0
0x0315	0x04C7      	IORWF      _ir_code, 1
0x0316	0x0871      	MOVF       R0+1, 0
0x0317	0x04C8      	IORWF      _ir_code+1, 1
0x0318	0x0872      	MOVF       R0+2, 0
0x0319	0x04C9      	IORWF      _ir_code+2, 1
0x031A	0x0873      	MOVF       R0+3, 0
0x031B	0x04CA      	IORWF      _ir_code+3, 1
0x031C	0x2B50      	GOTO       L_nec_remote_read36
L_nec_remote_read35:
;NEC IR Receiver PIC16F877A.c,67 :: 		ir_code &= ~(1ul << (31 - i));      // Write 0 to bit (31 - i)
0x031D	0x301F      	MOVLW      31
0x031E	0x00F0      	MOVWF      R0
0x031F	0x01F1      	CLRF       R0+1
0x0320	0x01F2      	CLRF       R0+2
0x0321	0x01F3      	CLRF       R0+3
0x0322	0x0875      	MOVF       R5, 0
0x0323	0x02F0      	SUBWF      R0, 1
0x0324	0x0876      	MOVF       R5+1, 0
0x0325	0x1C03      	BTFSS      STATUS, 0
0x0326	0x0F76      	INCFSZ     R5+1, 0
0x0327	0x02F1      	SUBWF      R0+1, 1
0x0328	0x0877      	MOVF       R5+2, 0
0x0329	0x1C03      	BTFSS      STATUS, 0
0x032A	0x0F77      	INCFSZ     R5+2, 0
0x032B	0x02F2      	SUBWF      R0+2, 1
0x032C	0x0878      	MOVF       R5+3, 0
0x032D	0x1C03      	BTFSS      STATUS, 0
0x032E	0x0F78      	INCFSZ     R5+3, 0
0x032F	0x02F3      	SUBWF      R0+3, 1
0x0330	0x0870      	MOVF       R0, 0
0x0331	0x00F4      	MOVWF      R4
0x0332	0x3001      	MOVLW      1
0x0333	0x00F0      	MOVWF      R0
0x0334	0x3000      	MOVLW      0
0x0335	0x00F1      	MOVWF      R0+1
0x0336	0x3000      	MOVLW      0
0x0337	0x00F2      	MOVWF      R0+2
0x0338	0x3000      	MOVLW      0
0x0339	0x00F3      	MOVWF      R0+3
0x033A	0x0874      	MOVF       R4, 0
L__nec_remote_read71:
0x033B	0x1903      	BTFSC      STATUS, 2
0x033C	0x2B44      	GOTO       L__nec_remote_read72
0x033D	0x0DF0      	RLF        R0, 1
0x033E	0x0DF1      	RLF        R0+1, 1
0x033F	0x0DF2      	RLF        R0+2, 1
0x0340	0x0DF3      	RLF        R0+3, 1
0x0341	0x1070      	BCF        R0, 0
0x0342	0x3EFF      	ADDLW      255
0x0343	0x2B3B      	GOTO       L__nec_remote_read71
L__nec_remote_read72:
0x0344	0x09F0      	COMF       R0, 1
0x0345	0x09F1      	COMF       R0+1, 1
0x0346	0x09F2      	COMF       R0+2, 1
0x0347	0x09F3      	COMF       R0+3, 1
0x0348	0x0870      	MOVF       R0, 0
0x0349	0x05C7      	ANDWF      _ir_code, 1
0x034A	0x0871      	MOVF       R0+1, 0
0x034B	0x05C8      	ANDWF      _ir_code+1, 1
0x034C	0x0872      	MOVF       R0+2, 0
0x034D	0x05C9      	ANDWF      _ir_code+2, 1
0x034E	0x0873      	MOVF       R0+3, 0
0x034F	0x05CA      	ANDWF      _ir_code+3, 1
L_nec_remote_read36:
;NEC IR Receiver PIC16F877A.c,47 :: 		for (i = 0; i < 32; i++) {
0x0350	0x0875      	MOVF       R5, 0
0x0351	0x00F0      	MOVWF      R0
0x0352	0x0876      	MOVF       R5+1, 0
0x0353	0x00F1      	MOVWF      R0+1
0x0354	0x0877      	MOVF       R5+2, 0
0x0355	0x00F2      	MOVWF      R0+2
0x0356	0x0878      	MOVF       R5+3, 0
0x0357	0x00F3      	MOVWF      R0+3
0x0358	0x0AF0      	INCF       R0, 1
0x0359	0x1903      	BTFSC      STATUS, 2
0x035A	0x0AF1      	INCF       R0+1, 1
0x035B	0x1903      	BTFSC      STATUS, 2
0x035C	0x0AF2      	INCF       R0+2, 1
0x035D	0x1903      	BTFSC      STATUS, 2
0x035E	0x0AF3      	INCF       R0+3, 1
0x035F	0x0870      	MOVF       R0, 0
0x0360	0x00F5      	MOVWF      R5
0x0361	0x0871      	MOVF       R0+1, 0
0x0362	0x00F6      	MOVWF      R5+1
0x0363	0x0872      	MOVF       R0+2, 0
0x0364	0x00F7      	MOVWF      R5+2
0x0365	0x0873      	MOVF       R0+3, 0
0x0366	0x00F8      	MOVWF      R5+3
;NEC IR Receiver PIC16F877A.c,68 :: 		}
0x0367	0x2A21      	GOTO       L_nec_remote_read16
L_nec_remote_read17:
;NEC IR Receiver PIC16F877A.c,69 :: 		return 1;
0x0368	0x3001      	MOVLW      1
0x0369	0x00F0      	MOVWF      R0
;NEC IR Receiver PIC16F877A.c,70 :: 		}
L_end_nec_remote_read:
0x036A	0x0008      	RETURN
; end of _nec_remote_read
___CC2DW:
;__Lib_System.c,134 :: 		
;__Lib_System.c,137 :: 		
_CC2D_Loop1:
;__Lib_System.c,139 :: 		
0x036B	0x2063      	CALL       _____DoICP
0x036C	0x118A      	BCF        PCLATH, 3
0x036D	0x120A      	BCF        PCLATH, 4
;__Lib_System.c,141 :: 		
0x036E	0x0080      	MOVWF      INDF
;__Lib_System.c,142 :: 		
0x036F	0x0A84      	INCF       FSR, 1
;__Lib_System.c,143 :: 		
0x0370	0x0AC0      	INCF       ___DoICPAddr, 1
;__Lib_System.c,145 :: 		
0x0371	0x1903      	BTFSC      STATUS, 2
;__Lib_System.c,146 :: 		
0x0372	0x0AC1      	INCF       ___DoICPAddr+1, 1
;__Lib_System.c,147 :: 		
0x0373	0x03F0      	DECF       R0, 1
;__Lib_System.c,149 :: 		
0x0374	0x1D03      	BTFSS      STATUS, 2
;__Lib_System.c,150 :: 		
0x0375	0x2B6B      	GOTO       _CC2D_Loop1
;__Lib_System.c,152 :: 		
L_end___CC2DW:
0x0376	0x0008      	RETURN
; end of ___CC2DW
_Lcd_Out:
;__Lib_Lcd.c,184 :: 		
;__Lib_Lcd.c,187 :: 		
0x0377	0x2B89      	GOTO       L_Lcd_Out11
;__Lib_Lcd.c,188 :: 		
L_Lcd_Out13:
0x0378	0x3080      	MOVLW      128
0x0379	0x1283      	BCF        STATUS, 5
0x037A	0x1303      	BCF        STATUS, 6
0x037B	0x00D0      	MOVWF      FARG_Lcd_Out_row
0x037C	0x2B9C      	GOTO       L_Lcd_Out12
;__Lib_Lcd.c,189 :: 		
L_Lcd_Out14:
0x037D	0x30C0      	MOVLW      192
0x037E	0x00D0      	MOVWF      FARG_Lcd_Out_row
0x037F	0x2B9C      	GOTO       L_Lcd_Out12
;__Lib_Lcd.c,190 :: 		
L_Lcd_Out15:
0x0380	0x3094      	MOVLW      148
0x0381	0x00D0      	MOVWF      FARG_Lcd_Out_row
0x0382	0x2B9C      	GOTO       L_Lcd_Out12
;__Lib_Lcd.c,191 :: 		
L_Lcd_Out16:
0x0383	0x30D4      	MOVLW      212
0x0384	0x00D0      	MOVWF      FARG_Lcd_Out_row
0x0385	0x2B9C      	GOTO       L_Lcd_Out12
;__Lib_Lcd.c,192 :: 		
L_Lcd_Out17:
0x0386	0x3080      	MOVLW      128
0x0387	0x00D0      	MOVWF      FARG_Lcd_Out_row
;__Lib_Lcd.c,193 :: 		
0x0388	0x2B9C      	GOTO       L_Lcd_Out12
L_Lcd_Out11:
0x0389	0x1283      	BCF        STATUS, 5
0x038A	0x1303      	BCF        STATUS, 6
0x038B	0x0850      	MOVF       FARG_Lcd_Out_row, 0
0x038C	0x3A01      	XORLW      1
0x038D	0x1903      	BTFSC      STATUS, 2
0x038E	0x2B78      	GOTO       L_Lcd_Out13
0x038F	0x0850      	MOVF       FARG_Lcd_Out_row, 0
0x0390	0x3A02      	XORLW      2
0x0391	0x1903      	BTFSC      STATUS, 2
0x0392	0x2B7D      	GOTO       L_Lcd_Out14
0x0393	0x0850      	MOVF       FARG_Lcd_Out_row, 0
0x0394	0x3A03      	XORLW      3
0x0395	0x1903      	BTFSC      STATUS, 2
0x0396	0x2B80      	GOTO       L_Lcd_Out15
0x0397	0x0850      	MOVF       FARG_Lcd_Out_row, 0
0x0398	0x3A04      	XORLW      4
0x0399	0x1903      	BTFSC      STATUS, 2
0x039A	0x2B83      	GOTO       L_Lcd_Out16
0x039B	0x2B86      	GOTO       L_Lcd_Out17
L_Lcd_Out12:
;__Lib_Lcd.c,194 :: 		
0x039C	0x0351      	DECF       FARG_Lcd_Out_column, 0
0x039D	0x00F0      	MOVWF      R0
0x039E	0x0850      	MOVF       FARG_Lcd_Out_row, 0
0x039F	0x07F0      	ADDWF      R0, 1
0x03A0	0x0870      	MOVF       R0, 0
0x03A1	0x00D0      	MOVWF      FARG_Lcd_Out_row
;__Lib_Lcd.c,196 :: 		
0x03A2	0x0870      	MOVF       R0, 0
0x03A3	0x00D5      	MOVWF      FARG_Lcd_Cmd_out_char
0x03A4	0x201B      	CALL       _Lcd_Cmd
;__Lib_Lcd.c,197 :: 		
0x03A5	0x1046      	BCF        __Lib_Lcd_cmd_status, BitPos(__Lib_Lcd_cmd_status+0)
;__Lib_Lcd.c,198 :: 		
0x03A6	0x01D3      	CLRF       Lcd_Out_i_L0
;__Lib_Lcd.c,199 :: 		
L_Lcd_Out18:
0x03A7	0x0853      	MOVF       Lcd_Out_i_L0, 0
0x03A8	0x0752      	ADDWF      FARG_Lcd_Out_text, 0
0x03A9	0x0084      	MOVWF      FSR
0x03AA	0x0800      	MOVF       INDF, 0
0x03AB	0x1903      	BTFSC      STATUS, 2
0x03AC	0x2BB5      	GOTO       L_Lcd_Out19
;__Lib_Lcd.c,200 :: 		
0x03AD	0x0853      	MOVF       Lcd_Out_i_L0, 0
0x03AE	0x0752      	ADDWF      FARG_Lcd_Out_text, 0
0x03AF	0x0084      	MOVWF      FSR
0x03B0	0x0800      	MOVF       INDF, 0
0x03B1	0x00D4      	MOVWF      FARG_Lcd_Chr_CP_out_char
0x03B2	0x205B      	CALL       _Lcd_Chr_CP
0x03B3	0x0AD3      	INCF       Lcd_Out_i_L0, 1
0x03B4	0x2BA7      	GOTO       L_Lcd_Out18
L_Lcd_Out19:
;__Lib_Lcd.c,201 :: 		
0x03B5	0x1446      	BSF        __Lib_Lcd_cmd_status, BitPos(__Lib_Lcd_cmd_status+0)
;__Lib_Lcd.c,202 :: 		
L_end_Lcd_Out:
0x03B6	0x0008      	RETURN
; end of _Lcd_Out
_main:
0x03B7	0x3043      	MOVLW      67
0x03B8	0x1283      	BCF        STATUS, 5
0x03B9	0x1303      	BCF        STATUS, 6
0x03BA	0x00A0      	MOVWF      ?lstr2_NEC_32IR_32Receiver_32PIC16F877A
0x03BB	0x306F      	MOVLW      111
0x03BC	0x00A1      	MOVWF      33
0x03BD	0x306D      	MOVLW      109
0x03BE	0x00A2      	MOVWF      34
0x03BF	0x303A      	MOVLW      58
0x03C0	0x00A3      	MOVWF      35
0x03C1	0x3030      	MOVLW      48
0x03C2	0x00A4      	MOVWF      36
0x03C3	0x3078      	MOVLW      120
0x03C4	0x00A5      	MOVWF      37
0x03C5	0x3030      	MOVLW      48
0x03C6	0x00A6      	MOVWF      38
0x03C7	0x3030      	MOVLW      48
0x03C8	0x00A7      	MOVWF      39
0x03C9	0x3020      	MOVLW      32
0x03CA	0x00A8      	MOVWF      40
0x03CB	0x3049      	MOVLW      73
0x03CC	0x00A9      	MOVWF      41
0x03CD	0x306E      	MOVLW      110
0x03CE	0x00AA      	MOVWF      42
0x03CF	0x303A      	MOVLW      58
0x03D0	0x00AB      	MOVWF      43
0x03D1	0x3030      	MOVLW      48
0x03D2	0x00AC      	MOVWF      44
0x03D3	0x3078      	MOVLW      120
0x03D4	0x00AD      	MOVWF      45
0x03D5	0x3030      	MOVLW      48
0x03D6	0x00AE      	MOVWF      46
0x03D7	0x3030      	MOVLW      48
0x03D8	0x00AF      	MOVWF      47
0x03D9	0x01B0      	CLRF       48
0x03DA	0x3041      	MOVLW      65
0x03DB	0x00B1      	MOVWF      ?lstr1_NEC_32IR_32Receiver_32PIC16F877A
0x03DC	0x3064      	MOVLW      100
0x03DD	0x00B2      	MOVWF      50
0x03DE	0x3064      	MOVLW      100
0x03DF	0x00B3      	MOVWF      51
0x03E0	0x3072      	MOVLW      114
0x03E1	0x00B4      	MOVWF      52
0x03E2	0x3065      	MOVLW      101
0x03E3	0x00B5      	MOVWF      53
0x03E4	0x3073      	MOVLW      115
0x03E5	0x00B6      	MOVWF      54
0x03E6	0x3073      	MOVLW      115
0x03E7	0x00B7      	MOVWF      55
0x03E8	0x303A      	MOVLW      58
0x03E9	0x00B8      	MOVWF      56
0x03EA	0x3030      	MOVLW      48
0x03EB	0x00B9      	MOVWF      57
0x03EC	0x3078      	MOVLW      120
0x03ED	0x00BA      	MOVWF      58
0x03EE	0x3030      	MOVLW      48
0x03EF	0x00BB      	MOVWF      59
0x03F0	0x3030      	MOVLW      48
0x03F1	0x00BC      	MOVWF      60
0x03F2	0x3030      	MOVLW      48
0x03F3	0x00BD      	MOVWF      61
0x03F4	0x3030      	MOVLW      48
0x03F5	0x00BE      	MOVWF      62
0x03F6	0x01BF      	CLRF       63
;NEC IR Receiver PIC16F877A.c,72 :: 		void main()
;NEC IR Receiver PIC16F877A.c,74 :: 		TRISB0_bit = 1;
0x03F7	0x1683      	BSF        STATUS, 5
0x03F8	0x1406      	BSF        TRISB0_bit, BitPos(TRISB0_bit+0)
;NEC IR Receiver PIC16F877A.c,75 :: 		TRISC5_bit = 0;
0x03F9	0x1287      	BCF        TRISC5_bit, BitPos(TRISC5_bit+0)
;NEC IR Receiver PIC16F877A.c,76 :: 		Lcd_Init();                        // Initialize LCD
0x03FA	0x206A      	CALL       _Lcd_Init
;NEC IR Receiver PIC16F877A.c,77 :: 		Lcd_Cmd(_LCD_CLEAR);               // Clear display
0x03FB	0x3001      	MOVLW      1
0x03FC	0x00D5      	MOVWF      FARG_Lcd_Cmd_out_char
0x03FD	0x201B      	CALL       _Lcd_Cmd
;NEC IR Receiver PIC16F877A.c,78 :: 		Lcd_Cmd(_LCD_CURSOR_OFF);          // Cursor off
0x03FE	0x300C      	MOVLW      12
0x03FF	0x00D5      	MOVWF      FARG_Lcd_Cmd_out_char
0x0400	0x201B      	CALL       _Lcd_Cmd
;NEC IR Receiver PIC16F877A.c,79 :: 		Lcd_Out(1, 1, "Address:0x0000");
0x0401	0x3001      	MOVLW      1
0x0402	0x00D0      	MOVWF      FARG_Lcd_Out_row
0x0403	0x3001      	MOVLW      1
0x0404	0x00D1      	MOVWF      FARG_Lcd_Out_column
0x0405	0x3031      	MOVLW      ?lstr1_NEC_32IR_32Receiver_32PIC16F877A
0x0406	0x00D2      	MOVWF      FARG_Lcd_Out_text
0x0407	0x2377      	CALL       _Lcd_Out
;NEC IR Receiver PIC16F877A.c,80 :: 		Lcd_Out(2, 1, "Com:0x00 In:0x00");
0x0408	0x3002      	MOVLW      2
0x0409	0x00D0      	MOVWF      FARG_Lcd_Out_row
0x040A	0x3001      	MOVLW      1
0x040B	0x00D1      	MOVWF      FARG_Lcd_Out_column
0x040C	0x3020      	MOVLW      ?lstr2_NEC_32IR_32Receiver_32PIC16F877A
0x040D	0x00D2      	MOVWF      FARG_Lcd_Out_text
0x040E	0x2377      	CALL       _Lcd_Out
;NEC IR Receiver PIC16F877A.c,82 :: 		LED_PIN = 1;
0x040F	0x1687      	BSF        RC5_bit, BitPos(RC5_bit+0)
;NEC IR Receiver PIC16F877A.c,83 :: 		Delay_ms(1000);
0x0410	0x3015      	MOVLW      21
0x0411	0x00FB      	MOVWF      R11
0x0412	0x304B      	MOVLW      75
0x0413	0x00FC      	MOVWF      R12
0x0414	0x30BE      	MOVLW      190
0x0415	0x00FD      	MOVWF      R13
L_main37:
0x0416	0x0BFD      	DECFSZ     R13, 1
0x0417	0x2C16      	GOTO       L_main37
0x0418	0x0BFC      	DECFSZ     R12, 1
0x0419	0x2C16      	GOTO       L_main37
0x041A	0x0BFB      	DECFSZ     R11, 1
0x041B	0x2C16      	GOTO       L_main37
0x041C	0x0000      	NOP
;NEC IR Receiver PIC16F877A.c,84 :: 		LED_PIN = 0;
0x041D	0x1287      	BCF        RC5_bit, BitPos(RC5_bit+0)
;NEC IR Receiver PIC16F877A.c,85 :: 		Delay_ms(1000);
0x041E	0x3015      	MOVLW      21
0x041F	0x00FB      	MOVWF      R11
0x0420	0x304B      	MOVLW      75
0x0421	0x00FC      	MOVWF      R12
0x0422	0x30BE      	MOVLW      190
0x0423	0x00FD      	MOVWF      R13
L_main38:
0x0424	0x0BFD      	DECFSZ     R13, 1
0x0425	0x2C24      	GOTO       L_main38
0x0426	0x0BFC      	DECFSZ     R12, 1
0x0427	0x2C24      	GOTO       L_main38
0x0428	0x0BFB      	DECFSZ     R11, 1
0x0429	0x2C24      	GOTO       L_main38
0x042A	0x0000      	NOP
;NEC IR Receiver PIC16F877A.c,87 :: 		while (1) { //Loop executed infinite times
L_main39:
;NEC IR Receiver PIC16F877A.c,90 :: 		if (nec_remote_read()) {
0x042B	0x216F      	CALL       _nec_remote_read
0x042C	0x0870      	MOVF       R0, 0
0x042D	0x1903      	BTFSC      STATUS, 2
0x042E	0x2C77      	GOTO       L_main41
;NEC IR Receiver PIC16F877A.c,91 :: 		address = ir_code >> 16;
0x042F	0x0849      	MOVF       _ir_code+2, 0
0x0430	0x00F5      	MOVWF      R5
0x0431	0x084A      	MOVF       _ir_code+3, 0
0x0432	0x00F6      	MOVWF      R5+1
0x0433	0x01F7      	CLRF       R5+2
0x0434	0x01F8      	CLRF       R5+3
0x0435	0x0875      	MOVF       R5, 0
0x0436	0x00C2      	MOVWF      _address
0x0437	0x0876      	MOVF       R5+1, 0
0x0438	0x00C3      	MOVWF      _address+1
;NEC IR Receiver PIC16F877A.c,92 :: 		command = ir_code >> 8;
0x0439	0x0848      	MOVF       _ir_code+1, 0
0x043A	0x00F0      	MOVWF      R0
0x043B	0x0849      	MOVF       _ir_code+2, 0
0x043C	0x00F1      	MOVWF      R0+1
0x043D	0x084A      	MOVF       _ir_code+3, 0
0x043E	0x00F2      	MOVWF      R0+2
0x043F	0x01F3      	CLRF       R0+3
0x0440	0x0870      	MOVF       R0, 0
0x0441	0x00C5      	MOVWF      _command
;NEC IR Receiver PIC16F877A.c,93 :: 		inv_command = ir_code;
0x0442	0x0847      	MOVF       _ir_code, 0
0x0443	0x00C4      	MOVWF      _inv_command
;NEC IR Receiver PIC16F877A.c,94 :: 		IntToHex(address, text);       // Save address in string text with hex format
0x0444	0x0875      	MOVF       R5, 0
0x0445	0x00D0      	MOVWF      FARG_IntToHex_input
0x0446	0x0876      	MOVF       R5+1, 0
0x0447	0x00D1      	MOVWF      FARG_IntToHex_input+1
0x0448	0x304B      	MOVLW      _text
0x0449	0x00D2      	MOVWF      FARG_IntToHex_output
0x044A	0x20B8      	CALL       _IntToHex
;NEC IR Receiver PIC16F877A.c,95 :: 		Lcd_Out(1, 11, text);          // Display address
0x044B	0x3001      	MOVLW      1
0x044C	0x00D0      	MOVWF      FARG_Lcd_Out_row
0x044D	0x300B      	MOVLW      11
0x044E	0x00D1      	MOVWF      FARG_Lcd_Out_column
0x044F	0x304B      	MOVLW      _text
0x0450	0x00D2      	MOVWF      FARG_Lcd_Out_text
0x0451	0x2377      	CALL       _Lcd_Out
;NEC IR Receiver PIC16F877A.c,96 :: 		ByteToHex(command, text);      // Save command in string text with hex format
0x0452	0x0845      	MOVF       _command, 0
0x0453	0x00D0      	MOVWF      FARG_ByteToHex_input
0x0454	0x304B      	MOVLW      _text
0x0455	0x00D1      	MOVWF      FARG_ByteToHex_output
0x0456	0x2131      	CALL       _ByteToHex
;NEC IR Receiver PIC16F877A.c,97 :: 		Lcd_Out(2, 7, text);           // Display command
0x0457	0x3002      	MOVLW      2
0x0458	0x00D0      	MOVWF      FARG_Lcd_Out_row
0x0459	0x3007      	MOVLW      7
0x045A	0x00D1      	MOVWF      FARG_Lcd_Out_column
0x045B	0x304B      	MOVLW      _text
0x045C	0x00D2      	MOVWF      FARG_Lcd_Out_text
0x045D	0x2377      	CALL       _Lcd_Out
;NEC IR Receiver PIC16F877A.c,98 :: 		ByteToHex(inv_command, text);  // Save inverted command in string text with hex format
0x045E	0x0844      	MOVF       _inv_command, 0
0x045F	0x00D0      	MOVWF      FARG_ByteToHex_input
0x0460	0x304B      	MOVLW      _text
0x0461	0x00D1      	MOVWF      FARG_ByteToHex_output
0x0462	0x2131      	CALL       _ByteToHex
;NEC IR Receiver PIC16F877A.c,99 :: 		Lcd_Out(2, 15, text);          // Display inverted command
0x0463	0x3002      	MOVLW      2
0x0464	0x00D0      	MOVWF      FARG_Lcd_Out_row
0x0465	0x300F      	MOVLW      15
0x0466	0x00D1      	MOVWF      FARG_Lcd_Out_column
0x0467	0x304B      	MOVLW      _text
0x0468	0x00D2      	MOVWF      FARG_Lcd_Out_text
0x0469	0x2377      	CALL       _Lcd_Out
;NEC IR Receiver PIC16F877A.c,101 :: 		switch (command) {
0x046A	0x2C6F      	GOTO       L_main42
;NEC IR Receiver PIC16F877A.c,102 :: 		case 0x48:
L_main44:
;NEC IR Receiver PIC16F877A.c,103 :: 		LED_PIN = 1;
0x046B	0x1687      	BSF        RC5_bit, BitPos(RC5_bit+0)
;NEC IR Receiver PIC16F877A.c,104 :: 		break;
0x046C	0x2C77      	GOTO       L_main43
;NEC IR Receiver PIC16F877A.c,105 :: 		case 0x80:
L_main45:
;NEC IR Receiver PIC16F877A.c,106 :: 		LED_PIN = 0;
0x046D	0x1287      	BCF        RC5_bit, BitPos(RC5_bit+0)
;NEC IR Receiver PIC16F877A.c,107 :: 		break;
0x046E	0x2C77      	GOTO       L_main43
;NEC IR Receiver PIC16F877A.c,108 :: 		}
L_main42:
0x046F	0x0845      	MOVF       _command, 0
0x0470	0x3A48      	XORLW      72
0x0471	0x1903      	BTFSC      STATUS, 2
0x0472	0x2C6B      	GOTO       L_main44
0x0473	0x0845      	MOVF       _command, 0
0x0474	0x3A80      	XORLW      128
0x0475	0x1903      	BTFSC      STATUS, 2
0x0476	0x2C6D      	GOTO       L_main45
L_main43:
;NEC IR Receiver PIC16F877A.c,109 :: 		}
L_main41:
;NEC IR Receiver PIC16F877A.c,110 :: 		}
0x0477	0x2C2B      	GOTO       L_main39
;NEC IR Receiver PIC16F877A.c,111 :: 		}
L_end_main:
0x0478	0x2C78      	GOTO       $+0
; end of _main
;__Lib_Conversions.c,3 :: __Lib_Conversions_Digits
0x0479	0x3430 ;__Lib_Conversions_Digits+0
0x047A	0x3431 ;__Lib_Conversions_Digits+1
0x047B	0x3432 ;__Lib_Conversions_Digits+2
0x047C	0x3433 ;__Lib_Conversions_Digits+3
0x047D	0x3434 ;__Lib_Conversions_Digits+4
0x047E	0x3435 ;__Lib_Conversions_Digits+5
0x047F	0x3436 ;__Lib_Conversions_Digits+6
0x0480	0x3437 ;__Lib_Conversions_Digits+7
0x0481	0x3438 ;__Lib_Conversions_Digits+8
0x0482	0x3439 ;__Lib_Conversions_Digits+9
0x0483	0x3441 ;__Lib_Conversions_Digits+10
0x0484	0x3442 ;__Lib_Conversions_Digits+11
0x0485	0x3443 ;__Lib_Conversions_Digits+12
0x0486	0x3444 ;__Lib_Conversions_Digits+13
0x0487	0x3445 ;__Lib_Conversions_Digits+14
0x0488	0x3446 ;__Lib_Conversions_Digits+15
; end of __Lib_Conversions_Digits
Symbol List:
//** Routines locations **
//ADDRESS    SIZE    PROCEDURE
//----------------------------------------------
0x0003       [5]    _Delay_1us
0x0008       [8]    _Delay_50us
0x0010      [11]    _Delay_5500us
0x001B      [64]    _Lcd_Cmd
0x005B       [8]    _Lcd_Chr_CP
0x0063       [7]    _____DoICP
0x006A      [78]    _Lcd_Init
0x00B8     [121]    _IntToHex
0x0131      [62]    _ByteToHex
0x016F     [508]    _nec_remote_read
0x036B      [12]    ___CC2DW
0x0377      [64]    _Lcd_Out
0x03B7     [194]    _main
//** Variables locations ** 
//ADDRESS    SIZE    VARIABLE
//----------------------------------------------
0x0000       [1]    INDF
0x0002       [1]    PCL
0x0003       [1]    STATUS
0x0004       [1]    FSR
0x0006       [0]    RB0_bit
0x0007       [0]    RC5_bit
0x0008       [0]    RD6_bit
0x0008       [0]    RD7_bit
0x0008       [0]    LCD_RS
0x0008       [0]    RD3_bit
0x0008       [0]    LCD_D4
0x0008       [0]    LCD_EN
0x0008       [0]    RD1_bit
0x0008       [0]    LCD_D7
0x0008       [0]    RD4_bit
0x0008       [0]    RD5_bit
0x0008       [0]    LCD_D5
0x0008       [0]    LCD_D6
0x000A       [1]    PCLATH
0x0020      [17]    ?lstr2_NEC_32IR_32Receiver_32PIC16F877A
0x0031      [15]    ?lstr1_NEC_32IR_32Receiver_32PIC16F877A
0x0040       [2]    ___DoICPAddr
0x0042       [2]    _address
0x0044       [1]    _inv_command
0x0045       [1]    _command
0x0046       [0]    __Lib_Lcd_cmd_status
0x0047       [4]    _ir_code
0x004B       [5]    _text
0x0050       [2]    FARG_IntToHex_input
0x0050       [1]    FARG_ByteToHex_input
0x0050       [1]    FARG_Lcd_Out_row
0x0050       [4]    nec_remote_read_count_L0
0x0051       [1]    FARG_Lcd_Out_column
0x0051       [1]    FARG_ByteToHex_output
0x0052       [1]    FARG_IntToHex_output
0x0052       [1]    FARG_Lcd_Out_text
0x0053       [1]    Lcd_Out_i_L0
0x0054       [1]    FARG_Lcd_Chr_CP_out_char
0x0055       [1]    FARG_Lcd_Cmd_out_char
0x0070       [1]    R0
0x0071       [1]    R1
0x0072       [1]    R2
0x0073       [1]    R3
0x0074       [1]    R4
0x0075       [1]    R5
0x0076       [1]    R6
0x0077       [1]    R7
0x0078       [1]    R8
0x0079       [1]    R9
0x007A       [1]    R10
0x007B       [1]    R11
0x007C       [1]    R12
0x007D       [1]    R13
0x007E       [1]    R14
0x007F       [1]    R15
0x0086       [0]    TRISB0_bit
0x0087       [0]    TRISC5_bit
0x0088       [0]    LCD_D4_Direction
0x0088       [0]    TRISD7_bit
0x0088       [0]    TRISD1_bit
0x0088       [0]    LCD_EN_Direction
0x0088       [0]    LCD_RS_Direction
0x0088       [0]    LCD_D5_Direction
0x0088       [0]    TRISD5_bit
0x0088       [0]    TRISD4_bit
0x0088       [0]    TRISD6_bit
0x0088       [0]    TRISD3_bit
0x0088       [0]    LCD_D6_Direction
0x0088       [0]    LCD_D7_Direction
//** Constants locations ** 
//ADDRESS    SIZE    CONSTANT
//----------------------------------------------
0x0479      [16]    __Lib_Conversions_Digits
